[2025-05-05T00:03:55.746Z] User ID: 7, Username: undefined, Email: teste3@gmail.com
[2025-05-05T00:04:46.676Z] User ID: 7, Username: undefined, Email: teste3@gmail.com
[2025-05-05T00:04:59.775Z] User ID: 7, Username: undefined, Email: teste3@gmail.com
[2025-05-05T00:08:58.923Z] User ID: 5, Username: undefined, Email: carlos2@gmail.com
[2025-05-05T00:14:39.096Z] User ID: 5, Username: undefined, Email: carlos2@gmail.com
[2025-05-05T00:14:59.247Z] User ID: 5, Username: undefined, Email: carlos2@gmail.com
[2025-05-05T00:15:53.998Z] User ID: 5, Username: undefined, Email: carlos2@gmail.com
[2025-05-05T00:16:29.672Z] User ID: 5, Username: undefined, Email: carlos2@gmail.com
[2025-05-05T00:18:13.550Z] User ID: 5, Username: undefined, Email: carlos2@gmail.com
[2025-05-05T00:18:35.056Z] User ID: 5, Username: undefined, Email: carlos2@gmail.com
[2025-05-05T00:21:28.272Z] User ID: 5, Username: Carlos2, Email: carlos2@gmail.com
[2025-05-05T00:22:18.246Z] User ID: 7, Username: Gabriel, Email: teste3@gmail.com
[2025-05-05T01:51:20.935Z] User ID: 7, Username: Gabriel, Email: teste3@gmail.com
[2025-05-05T01:51:59.975Z] User ID: 7, Username: Gabriel, Email: teste3@gmail.com
[2025-05-05T01:54:29.926Z] User ID: 7, Username: Gabriel, Email: teste3@gmail.com
[2025-05-05T01:55:51.641Z] User ID: 7, Username: Gabriel, Email: teste3@gmail.com
[2025-05-05T01:56:04.005Z] User ID: 7, Username: Gabriel, Email: teste3@gmail.com
[2025-05-05T02:02:12.841Z] User ID: 7, Username: Gabriel, Email: teste3@gmail.com
[2025-05-05T02:02:25.457Z] User ID: 7, Username: Gabriel, Email: teste3@gmail.com
[2025-05-05T02:05:22.246Z] User ID: 7, Username: Gabriel, Email: teste3@gmail.com
[2025-05-05T02:13:24.419Z] User ID: 7, Username: Gabriel, Email: teste3@gmail.com
[2025-05-05T02:13:50.894Z] User ID: 7, Username: Gabriel, Email: teste3@gmail.com
[2025-05-05T02:14:35.928Z] User ID: 7, Username: Gabriel, Email: teste3@gmail.com
[2025-05-05T02:14:45.102Z] User ID: 7, Username: Gabriel, Email: teste3@gmail.com
[2025-05-05T16:16:28.011Z] User ID: 7, Username: Gabriel, Email: teste3@gmail.com
[2025-05-05T16:18:00.884Z] User ID: 7, Username: Gabriel, Email: teste3@gmail.com
[2025-05-05T16:18:17.405Z] User ID: 7, Username: Gabriel, Email: teste3@gmail.com
[2025-05-05T16:18:28.688Z] User ID: 7, Username: Gabriel, Email: teste3@gmail.com
[2025-05-05T16:22:39.655Z] User ID: 7, Username: Gabriel, Email: teste3@gmail.com
[2025-05-05T16:23:14.545Z] User ID: 7, Username: Gabriel, Email: teste3@gmail.com
[2025-05-05T16:23:29.843Z] User ID: 7, Username: Gabriel, Email: teste3@gmail.com
[2025-05-05T16:23:57.187Z] User ID: 7, Username: Gabriel, Email: teste3@gmail.com
[2025-05-05T16:24:01.212Z] User ID: 7, Username: Gabriel, Email: teste3@gmail.com
[2025-05-05T16:24:09.264Z] User ID: 7, Username: Gabriel, Email: teste3@gmail.com
[2025-05-05T16:24:21.805Z] User ID: 7, Username: Gabriel, Email: teste3@gmail.com
[2025-05-06T00:36:58.418Z] User ID: 7, Username: Gabriel, Email: teste3@gmail.com
[2025-05-06T00:50:56.734Z] User ID: 7, Username: Gabriel, Email: teste3@gmail.com
[2025-05-06T00:50:56.782Z] User ID: 7, Username: Gabriel, Email: teste3@gmail.com
[2025-05-06T00:51:45.360Z] User ID: 7, Username: Gabriel, Email: teste3@gmail.com
[2025-05-06T00:51:45.396Z] User ID: 7, Username: Gabriel, Email: teste3@gmail.com
[2025-05-06T00:51:48.657Z] User ID: 7, Username: Gabriel, Email: teste3@gmail.com
[2025-05-06T00:51:48.667Z] User ID: 7, Username: Gabriel, Email: teste3@gmail.com
[2025-05-06T00:51:51.603Z] User ID: 7, Username: Gabriel, Email: teste3@gmail.com
[2025-05-06T00:51:51.612Z] User ID: 7, Username: Gabriel, Email: teste3@gmail.com
[2025-05-06T00:51:52.487Z] User ID: 7, Username: Gabriel, Email: teste3@gmail.com
[2025-05-06T00:51:52.497Z] User ID: 7, Username: Gabriel, Email: teste3@gmail.com
[2025-05-06T00:51:53.698Z] User ID: 7, Username: Gabriel, Email: teste3@gmail.com
[2025-05-06T00:51:53.711Z] User ID: 7, Username: Gabriel, Email: teste3@gmail.com
[2025-05-06T00:53:01.070Z] User ID: 7, Username: Gabriel, Email: teste3@gmail.com
[2025-05-06T00:53:01.106Z] User ID: 7, Username: Gabriel, Email: teste3@gmail.com
[2025-05-06T00:53:03.893Z] User ID: 7, Username: Gabriel, Email: teste3@gmail.com
[2025-05-06T00:53:03.901Z] User ID: 7, Username: Gabriel, Email: teste3@gmail.com
[2025-05-06T00:53:05.520Z] User ID: 7, Username: Gabriel, Email: teste3@gmail.com
[2025-05-06T00:53:05.530Z] User ID: 7, Username: Gabriel, Email: teste3@gmail.com
[2025-05-06T00:53:06.381Z] User ID: 7, Username: Gabriel, Email: teste3@gmail.com
[2025-05-06T00:53:06.391Z] User ID: 7, Username: Gabriel, Email: teste3@gmail.com
[2025-05-06T00:53:07.303Z] User ID: 7, Username: Gabriel, Email: teste3@gmail.com
[2025-05-06T00:53:07.325Z] User ID: 7, Username: Gabriel, Email: teste3@gmail.com
[2025-05-06T00:54:35.664Z] User ID: 7, Username: Gabriel, Email: teste3@gmail.com
[2025-05-07T00:46:57.305Z] User ID: 7, Username: Gabriel, Email: teste3@gmail.com
[2025-05-07T00:50:31.707Z] User ID: 7, Username: Gabriel, Email: teste3@gmail.com
[2025-05-07T00:51:03.407Z] User ID: 7, Username: Gabriel, Email: teste3@gmail.com
[2025-05-07T00:52:03.897Z] User ID: 7, Username: Gabriel, Email: teste3@gmail.com
[2025-05-07T00:55:55.068Z] User ID: 7, Username: Gabriel, Email: teste3@gmail.com
[2025-05-07T00:56:20.137Z] User ID: 7, Username: Gabriel, Email: teste3@gmail.com
[2025-05-07T00:56:54.210Z] User ID: 7, Username: Gabriel, Email: teste3@gmail.com
[2025-05-07T00:59:01.671Z] User ID: 7, Username: Gabriel, Email: teste3@gmail.com
[2025-05-07T00:59:52.791Z] User ID: 7, Username: Gabriel, Email: teste3@gmail.com
[2025-05-07T01:03:30.666Z] User ID: 7, Username: Gabriel, Email: teste3@gmail.com
[2025-05-07T01:05:38.292Z] User ID: 7, Username: Gabriel, Email: teste3@gmail.com
[2025-05-07T01:13:23.215Z] User ID: 7, Username: Gabriel, Email: teste3@gmail.com
[2025-05-07T01:16:59.799Z] User ID: 7, Username: Gabriel, Email: teste3@gmail.com
[2025-05-07T01:53:13.621Z] User ID: 7, Username: Gabriel, Email: teste3@gmail.com
[2025-05-07T01:55:12.357Z] User ID: 7, Username: Gabriel, Email: teste3@gmail.com
[2025-05-07T01:59:42.847Z] User ID: 7, Username: Gabriel, Email: teste3@gmail.com
[2025-05-07T02:04:08.461Z] User ID: 7, Username: Gabriel, Email: teste3@gmail.com
[2025-05-07T02:05:13.293Z] User ID: 7, Username: Gabriel, Email: teste3@gmail.com
[2025-05-07T02:07:10.837Z] User ID: 7, Username: Gabriel, Email: teste3@gmail.com
[2025-05-07T02:11:47.869Z] User ID: 7, Username: Gabriel, Email: teste3@gmail.com
[2025-05-07T02:17:02.065Z] User ID: 7, Username: Gabriel, Email: teste3@gmail.com
[2025-05-07T02:21:42.256Z] User ID: 7, Username: Gabriel, Email: teste3@gmail.com
[2025-05-07T02:22:15.894Z] User ID: 7, Username: Gabriel, Email: teste3@gmail.com
[2025-05-07T02:31:36.246Z] User ID: 7, Username: Gabriel, Email: teste3@gmail.com
[2025-05-07T02:31:36.278Z] User ID: 7, Username: Gabriel, Email: teste3@gmail.com
[2025-05-07T02:33:59.867Z] User ID: 7, Username: Gabriel, Email: teste3@gmail.com
[2025-05-07T02:34:42.033Z] User ID: 7, Username: Gabriel, Email: teste3@gmail.com
[2025-05-07T02:34:42.050Z] User ID: 7, Username: Gabriel, Email: teste3@gmail.com
[2025-05-07T02:35:40.846Z] User ID: 7, Username: Gabriel, Email: teste3@gmail.com
[2025-05-07T02:35:40.866Z] User ID: 7, Username: Gabriel, Email: teste3@gmail.com
[2025-05-07T02:35:52.366Z] User ID: 7, Username: Gabriel, Email: teste3@gmail.com
[2025-05-07T02:35:52.371Z] User ID: 7, Username: Gabriel, Email: teste3@gmail.com
[2025-05-07T02:41:01.364Z] User ID: 7, Username: Gabriel, Email: teste3@gmail.com
[2025-05-07T02:41:01.389Z] User ID: 7, Username: Gabriel, Email: teste3@gmail.com
[2025-05-07T02:50:10.106Z] User ID: 7, Username: Gabriel, Email: teste3@gmail.com
[2025-05-07T02:50:10.123Z] User ID: 7, Username: Gabriel, Email: teste3@gmail.com
[2025-05-07T02:50:57.155Z] User ID: 7, Username: Gabriel, Email: teste3@gmail.com
[2025-05-07T03:00:22.703Z] User ID: 7, Username: Gabriel, Email: teste3@gmail.com
[2025-05-07T03:00:22.711Z] User ID: 7, Username: Gabriel, Email: teste3@gmail.com
[2025-05-07T03:00:30.115Z] User ID: 7, Username: Gabriel, Email: teste3@gmail.com
[2025-05-07T03:00:30.124Z] User ID: 7, Username: Gabriel, Email: teste3@gmail.com
[2025-05-07T03:00:32.857Z] User ID: 7, Username: Gabriel, Email: teste3@gmail.com
[2025-05-07T03:00:32.866Z] User ID: 7, Username: Gabriel, Email: teste3@gmail.com
[2025-05-07T03:01:34.750Z] User ID: 7, Username: Gabriel, Email: teste3@gmail.com
[2025-05-07T03:01:45.149Z] User ID: 7, Username: Gabriel, Email: teste3@gmail.com
[2025-05-07T03:01:52.771Z] User ID: 7, Username: Gabriel, Email: teste3@gmail.com
[2025-05-07T03:04:24.085Z] User ID: 7, Username: Gabriel, Email: teste3@gmail.com
[2025-05-07T03:05:59.476Z] User ID: 7, Username: Gabriel, Email: teste3@gmail.com
[2025-05-07T03:05:59.490Z] User ID: 7, Username: Gabriel, Email: teste3@gmail.com
[2025-05-07T03:06:09.767Z] User ID: 7, Username: Gabriel, Email: teste3@gmail.com
[2025-05-07T03:06:09.777Z] User ID: 7, Username: Gabriel, Email: teste3@gmail.com
[2025-05-07T03:06:11.754Z] User ID: 7, Username: Gabriel, Email: teste3@gmail.com
[2025-05-07T03:06:11.769Z] User ID: 7, Username: Gabriel, Email: teste3@gmail.com
[2025-05-07T03:11:50.526Z] User ID: 7, Username: Gabriel, Email: teste3@gmail.com
[2025-05-07T03:11:53.857Z] User ID: 7, Username: Gabriel, Email: teste3@gmail.com
[2025-05-07T03:12:09.833Z] User ID: 7, Username: Gabriel, Email: teste3@gmail.com
[2025-05-07T03:17:52.777Z] User ID: 7, Username: Gabriel, Email: teste3@gmail.com
[2025-05-07T03:21:10.871Z] User ID: 7, Username: Gabriel, Email: teste3@gmail.com
[2025-05-07T03:21:17.478Z] User ID: 7, Username: Gabriel, Email: teste3@gmail.com
[2025-05-07T03:21:39.048Z] User ID: 7, Username: Gabriel, Email: teste3@gmail.com
[2025-05-07T03:21:39.057Z] User ID: 7, Username: Gabriel, Email: teste3@gmail.com
[2025-05-07T03:21:43.066Z] User ID: 7, Username: Gabriel, Email: teste3@gmail.com
[2025-05-07T03:21:43.077Z] User ID: 7, Username: Gabriel, Email: teste3@gmail.com
[2025-05-07T03:21:44.962Z] User ID: 7, Username: Gabriel, Email: teste3@gmail.com
[2025-05-07T03:21:44.971Z] User ID: 7, Username: Gabriel, Email: teste3@gmail.com
[2025-05-07T03:28:15.869Z] User ID: 7, Username: Gabriel, Email: teste3@gmail.com
[2025-05-07T03:28:15.881Z] User ID: 7, Username: Gabriel, Email: teste3@gmail.com
[2025-05-07T03:32:56.824Z] User ID: 7, Username: Gabriel, Email: teste3@gmail.com
[2025-05-07T03:32:56.835Z] User ID: 7, Username: Gabriel, Email: teste3@gmail.com
[2025-05-07T03:33:55.380Z] User ID: 7, Username: Gabriel, Email: teste3@gmail.com
[2025-05-07T03:33:55.392Z] User ID: 7, Username: Gabriel, Email: teste3@gmail.com
[2025-05-07T03:35:33.107Z] User ID: 7, Username: Gabriel, Email: teste3@gmail.com
[2025-05-07T03:35:33.111Z] User ID: 7, Username: Gabriel, Email: teste3@gmail.com
[2025-05-12T19:26:32.847Z] User ID: 8, Username: teste, Email: a@a.com
[2025-05-12T19:26:49.016Z] User ID: 8, Username: teste, Email: a@a.com
[2025-05-12T19:27:19.586Z] User ID: 8, Username: teste, Email: a@a.com
[2025-05-12T19:28:22.605Z] User ID: 8, Username: teste, Email: a@a.com
[2025-05-12T19:30:28.204Z] User ID: 8, Username: teste, Email: a@a.com
[2025-05-12T19:30:35.635Z] User ID: 8, Username: teste, Email: a@a.com
[2025-05-12T19:35:07.931Z] User ID: 8, Username: teste, Email: a@a.com
[2025-05-12T19:50:41.823Z] User ID: 8, Username: teste, Email: a@a.com
[2025-05-12T19:50:41.845Z] User ID: 8, Username: teste, Email: a@a.com
[2025-05-12T19:51:18.251Z] User ID: 9, Username: testando dnv, Email: r.r@r.com
[2025-05-12T19:51:18.261Z] User ID: 9, Username: testando dnv, Email: r.r@r.com
[2025-05-12T19:51:31.727Z] User ID: 9, Username: testando dnv, Email: r.r@r.com
[2025-05-12T19:51:31.734Z] User ID: 9, Username: testando dnv, Email: r.r@r.com
[2025-05-12T19:51:35.196Z] User ID: 9, Username: testando dnv, Email: r.r@r.com
[2025-05-12T19:51:35.205Z] User ID: 9, Username: testando dnv, Email: r.r@r.com
[2025-05-12T20:30:08.400Z] User ID: 1, Username: Usuário, Email: a@a.com
[2025-05-12T20:30:08.426Z] User ID: 1, Username: Usuário, Email: a@a.com
[2025-05-12T20:30:21.119Z] User ID: 3, Username: adm, Email: adm@a.com
[2025-05-12T20:30:21.127Z] User ID: 3, Username: adm, Email: adm@a.com
[2025-05-12T20:30:57.438Z] User ID: 3, Username: adm, Email: adm@a.com
[2025-05-12T20:30:57.442Z] User ID: 3, Username: adm, Email: adm@a.com
[2025-05-12T20:31:57.691Z] User ID: 2, Username: admin, Email: admin@a.com
[2025-05-12T20:31:57.701Z] User ID: 2, Username: admin, Email: admin@a.com
[2025-05-12T20:38:21.859Z] User ID: 2, Username: admin, Email: admin@a.com
[2025-05-12T20:38:21.863Z] User ID: 2, Username: admin, Email: admin@a.com
[2025-05-12T20:38:30.466Z] User ID: 2, Username: admin, Email: admin@a.com
[2025-05-12T20:38:30.476Z] User ID: 2, Username: admin, Email: admin@a.com
[2025-05-12T20:40:14.082Z] User ID: 2, Username: admin, Email: admin@a.com
[2025-05-12T20:40:14.086Z] User ID: 2, Username: admin, Email: admin@a.com
[2025-05-12T20:40:21.677Z] User ID: 2, Username: admin, Email: admin@a.com
[2025-05-12T20:40:21.684Z] User ID: 2, Username: admin, Email: admin@a.com
[2025-05-12T20:42:34.841Z] User ID: 2, Username: admin, Email: admin@a.com
[2025-05-12T20:42:34.849Z] User ID: 2, Username: admin, Email: admin@a.com
[2025-05-12T20:42:42.576Z] User ID: 2, Username: admin, Email: admin@a.com
[2025-05-12T20:42:42.586Z] User ID: 2, Username: admin, Email: admin@a.com
[2025-05-12T20:43:48.461Z] User ID: 2, Username: admin, Email: admin@a.com
[2025-05-12T20:43:48.465Z] User ID: 2, Username: admin, Email: admin@a.com
[2025-05-12T20:44:02.908Z] User ID: 2, Username: admin, Email: admin@a.com
[2025-05-12T20:44:02.914Z] User ID: 2, Username: admin, Email: admin@a.com
[2025-05-12T20:45:57.338Z] User ID: 2, Username: admin, Email: admin@a.com
[2025-05-12T20:45:57.341Z] User ID: 2, Username: admin, Email: admin@a.com
[2025-05-12T20:46:02.400Z] User ID: 1, Username: Usuário, Email: a@a.com
[2025-05-12T20:46:02.408Z] User ID: 1, Username: Usuário, Email: a@a.com
[2025-05-12T20:51:12.374Z] User ID: 2, Username: admin, Email: admin@a.com
[2025-05-12T20:51:12.381Z] User ID: 2, Username: admin, Email: admin@a.com
[2025-05-12T20:51:15.448Z] User ID: 2, Username: admin, Email: admin@a.com
[2025-05-12T20:51:15.454Z] User ID: 2, Username: admin, Email: admin@a.com
[2025-05-12T20:52:05.510Z] User ID: 2, Username: admin, Email: admin@a.com
[2025-05-12T20:52:05.513Z] User ID: 2, Username: admin, Email: admin@a.com
[2025-05-12T20:57:22.493Z] User ID: 2, Username: admin, Email: admin@a.com
[2025-05-12T20:57:22.511Z] User ID: 2, Username: admin, Email: admin@a.com
[2025-05-12T20:59:57.466Z] User ID: 2, Username: admin, Email: admin@a.com
[2025-05-12T20:59:57.490Z] User ID: 2, Username: admin, Email: admin@a.com
[2025-05-12T21:00:08.930Z] User ID: 2, Username: admin, Email: admin@a.com
[2025-05-12T21:00:08.936Z] User ID: 2, Username: admin, Email: admin@a.com
[2025-05-12T21:01:27.873Z] User ID: 1, Username: Usuário, Email: a@a.com
[2025-05-12T21:05:48.171Z] User ID: 1, Username: Usuário, Email: a@a.com
[2025-05-12T21:06:21.792Z] User ID: 1, Username: Usuário, Email: a@a.com
[2025-05-12T21:07:10.793Z] User ID: 1, Username: Usuário, Email: a@a.com
[2025-05-12T21:07:37.447Z] User ID: 1, Username: Usuário, Email: a@a.com
[2025-05-12T21:08:30.922Z] User ID: 1, Username: Usuário, Email: a@a.com
[2025-05-12T21:09:09.493Z] User ID: 1, Username: Usuário, Email: a@a.com
[2025-05-12T21:09:22.842Z] User ID: 2, Username: admin, Email: admin@a.com
[2025-05-12T21:09:22.852Z] User ID: 2, Username: admin, Email: admin@a.com
[2025-05-12T21:09:29.934Z] User ID: 2, Username: admin, Email: admin@a.com
[2025-05-12T21:09:29.947Z] User ID: 2, Username: admin, Email: admin@a.com
[2025-05-12T21:33:54.725Z] User ID: 2, Username: admin, Email: admin@a.com
[2025-05-12T21:33:54.748Z] User ID: 2, Username: admin, Email: admin@a.com
[2025-05-12T21:37:49.978Z] User ID: 2, Username: admin, Email: admin@a.com
[2025-05-12T21:37:49.991Z] User ID: 2, Username: admin, Email: admin@a.com
[2025-05-12T21:46:14.846Z] User ID: 2, Username: admin, Email: admin@a.com
[2025-05-12T21:46:14.868Z] User ID: 2, Username: admin, Email: admin@a.com
[2025-05-12T21:51:18.802Z] User ID: 2, Username: admin, Email: admin@a.com
[2025-05-12T21:54:38.382Z] User ID: 2, Username: admin, Email: admin@a.com
[2025-05-12T21:54:38.387Z] User ID: 2, Username: admin, Email: admin@a.com
[2025-05-12T21:54:45.123Z] User ID: 2, Username: admin, Email: admin@a.com
[2025-05-12T21:54:45.147Z] User ID: 2, Username: admin, Email: admin@a.com
[2025-05-12T21:56:32.864Z] User ID: 2, Username: admin, Email: admin@a.com
[2025-05-12T21:56:32.879Z] User ID: 2, Username: admin, Email: admin@a.com
[2025-05-12T21:56:38.142Z] User ID: 2, Username: admin, Email: admin@a.com
[2025-05-12T21:56:38.149Z] User ID: 2, Username: admin, Email: admin@a.com
[2025-05-12T21:56:41.945Z] User ID: 2, Username: admin, Email: admin@a.com
[2025-05-12T21:56:41.950Z] User ID: 2, Username: admin, Email: admin@a.com
[2025-05-12T21:56:48.049Z] User ID: 2, Username: admin, Email: admin@a.com
[2025-05-12T21:56:48.054Z] User ID: 2, Username: admin, Email: admin@a.com
[2025-05-12T22:06:08.120Z] User ID: 2, Username: admin, Email: admin@a.com
[2025-05-12T22:08:05.015Z] User ID: 2, Username: admin, Email: admin@a.com
[2025-05-12T22:08:06.490Z] User ID: 2, Username: admin, Email: admin@a.com
[2025-05-12T22:08:08.124Z] User ID: 2, Username: admin, Email: admin@a.com
[2025-05-12T22:08:12.271Z] User ID: 2, Username: admin, Email: admin@a.com
[2025-05-12T22:08:12.280Z] User ID: 2, Username: admin, Email: admin@a.com
[2025-05-12T22:08:20.409Z] User ID: 2, Username: admin, Email: admin@a.com
[2025-05-12T22:08:20.413Z] User ID: 2, Username: admin, Email: admin@a.com
[2025-05-12T22:08:29.400Z] User ID: 2, Username: admin, Email: admin@a.com
[2025-05-12T22:08:29.406Z] User ID: 2, Username: admin, Email: admin@a.com
[2025-05-12T22:08:31.093Z] User ID: 2, Username: admin, Email: admin@a.com
[2025-05-12T22:09:16.909Z] User ID: 2, Username: admin, Email: admin@a.com
[2025-05-12T22:09:16.918Z] User ID: 2, Username: admin, Email: admin@a.com
[2025-05-12T22:09:22.573Z] User ID: 2, Username: admin, Email: admin@a.com
[2025-05-12T22:09:22.582Z] User ID: 2, Username: admin, Email: admin@a.com
[2025-05-12T22:18:17.210Z] User ID: 2, Username: admin, Email: admin@a.com
[2025-05-12T22:18:17.218Z] User ID: 2, Username: admin, Email: admin@a.com
[2025-05-12T22:18:22.835Z] User ID: 2, Username: admin, Email: admin@a.com
[2025-05-12T22:18:22.843Z] User ID: 2, Username: admin, Email: admin@a.com
[2025-05-12T22:27:20.784Z] User ID: 2, Username: admin, Email: admin@a.com
[2025-05-12T22:27:20.787Z] User ID: 2, Username: admin, Email: admin@a.com
[2025-05-12T22:27:20.855Z] User ID: 2, Username: admin, Email: admin@a.com
[2025-05-12T22:27:20.863Z] User ID: 2, Username: admin, Email: admin@a.com
[2025-05-12T22:27:42.292Z] User ID: 2, Username: admin, Email: admin@a.com
[2025-05-12T22:27:42.294Z] User ID: 2, Username: admin, Email: admin@a.com
[2025-05-12T22:27:42.350Z] User ID: 2, Username: admin, Email: admin@a.com
[2025-05-12T22:27:42.364Z] User ID: 2, Username: admin, Email: admin@a.com
[2025-05-12T22:31:25.836Z] User ID: 2, Username: admin, Email: admin@a.com
[2025-05-12T22:33:10.047Z] User ID: 2, Username: admin, Email: admin@a.com
[2025-05-12T22:33:10.050Z] User ID: 2, Username: admin, Email: admin@a.com
[2025-05-12T22:33:14.817Z] User ID: 2, Username: admin, Email: admin@a.com
[2025-05-12T22:33:14.823Z] User ID: 2, Username: admin, Email: admin@a.com
[2025-05-12T22:38:10.350Z] User ID: 2, Username: admin, Email: admin@a.com
[2025-05-12T22:38:10.349Z] User ID: 2, Username: admin, Email: admin@a.com
[2025-05-12T22:38:10.409Z] User ID: 2, Username: admin, Email: admin@a.com
[2025-05-12T22:38:10.416Z] User ID: 2, Username: admin, Email: admin@a.com
[2025-05-12T22:39:27.886Z] User ID: 2, Username: admin, Email: admin@a.com
[2025-05-12T22:39:27.884Z] User ID: 2, Username: admin, Email: admin@a.com
[2025-05-12T22:39:27.960Z] User ID: 2, Username: admin, Email: admin@a.com
[2025-05-12T22:39:27.978Z] User ID: 2, Username: admin, Email: admin@a.com
[2025-05-12T22:45:13.299Z] User ID: 2, Username: admin, Email: admin@a.com
[2025-05-12T22:45:13.307Z] User ID: 2, Username: admin, Email: admin@a.com
[2025-05-12T22:45:26.342Z] User ID: 2, Username: admin, Email: admin@a.com
[2025-05-12T22:45:26.348Z] User ID: 2, Username: admin, Email: admin@a.com
[2025-05-12T23:43:19.099Z] User ID: 2, Username: admin, Email: admin@a.com
[2025-05-12T23:43:19.126Z] User ID: 2, Username: admin, Email: admin@a.com
[2025-05-12T23:43:50.432Z] User ID: 2, Username: admin, Email: admin@a.com
[2025-05-12T23:43:50.438Z] User ID: 2, Username: admin, Email: admin@a.com
[2025-05-13T00:04:38.435Z] User ID: 2, Username: admin, Email: admin@a.com
[2025-05-13T00:04:38.445Z] User ID: 2, Username: admin, Email: admin@a.com
[2025-05-13T00:04:43.482Z] User ID: 2, Username: admin, Email: admin@a.com
[2025-05-13T00:04:43.490Z] User ID: 2, Username: admin, Email: admin@a.com
[2025-05-13T00:08:52.908Z] User ID: 2, Username: admin, Email: admin@a.com
[2025-05-13T00:08:52.909Z] User ID: 2, Username: admin, Email: admin@a.com
[2025-05-13T00:09:03.196Z] User ID: 2, Username: admin, Email: admin@a.com
[2025-05-13T00:09:03.198Z] User ID: 2, Username: admin, Email: admin@a.com
[2025-05-13T00:11:27.567Z] User ID: 2, Username: admin, Email: admin@a.com
[2025-05-13T00:11:27.574Z] User ID: 2, Username: admin, Email: admin@a.com
[2025-05-13T00:13:11.606Z] User ID: 2, Username: admin, Email: admin@a.com
[2025-05-13T00:13:30.445Z] User ID: 2, Username: admin, Email: admin@a.com
[2025-05-13T00:13:30.446Z] User ID: 2, Username: admin, Email: admin@a.com
[2025-05-13T00:20:37.612Z] User ID: 2, Username: admin, Email: admin@a.com
[2025-05-13T00:20:37.618Z] User ID: 2, Username: admin, Email: admin@a.com
[2025-05-13T00:25:11.241Z] User ID: 2, Username: admin, Email: admin@a.com
[2025-05-13T00:25:11.251Z] User ID: 2, Username: admin, Email: admin@a.com
[2025-05-13T00:25:12.908Z] User ID: 2, Username: admin, Email: admin@a.com
[2025-05-13T00:25:12.910Z] User ID: 2, Username: admin, Email: admin@a.com
[2025-05-13T00:26:14.814Z] User ID: 2, Username: admin, Email: admin@a.com
[2025-05-13T00:26:14.814Z] User ID: 2, Username: admin, Email: admin@a.com
[2025-05-13T00:27:05.616Z] User ID: 2, Username: admin, Email: admin@a.com
[2025-05-13T00:28:17.897Z] User ID: 2, Username: admin, Email: admin@a.com
[2025-05-13T00:28:17.898Z] User ID: 2, Username: admin, Email: admin@a.com
[2025-05-13T00:28:23.160Z] User ID: 2, Username: admin, Email: admin@a.com
[2025-05-13T00:28:23.162Z] User ID: 2, Username: admin, Email: admin@a.com
[2025-05-13T00:28:31.759Z] User ID: 2, Username: admin, Email: admin@a.com
[2025-05-13T00:28:31.761Z] User ID: 2, Username: admin, Email: admin@a.com
[2025-05-13T00:30:49.378Z] User ID: 2, Username: admin, Email: admin@a.com
[2025-05-13T00:30:49.384Z] User ID: 2, Username: admin, Email: admin@a.com
[2025-05-13T00:30:54.918Z] User ID: 2, Username: admin, Email: admin@a.com
[2025-05-13T00:30:54.928Z] User ID: 2, Username: admin, Email: admin@a.com
[2025-05-13T00:30:59.321Z] User ID: 2, Username: admin, Email: admin@a.com
[2025-05-13T00:30:59.324Z] User ID: 2, Username: admin, Email: admin@a.com
[2025-05-13T00:32:08.609Z] User ID: 2, Username: admin, Email: admin@a.com
[2025-05-13T00:36:12.628Z] User ID: 2, Username: admin, Email: admin@a.com
[2025-05-13T00:40:34.429Z] User ID: 2, Username: admin, Email: admin@a.com
[2025-05-13T00:40:34.430Z] User ID: 2, Username: admin, Email: admin@a.com
[2025-05-13T00:40:47.453Z] User ID: 2, Username: admin, Email: admin@a.com
[2025-05-13T00:40:47.465Z] User ID: 2, Username: admin, Email: admin@a.com
[2025-05-13T00:40:51.727Z] User ID: 2, Username: admin, Email: admin@a.com
[2025-05-13T00:40:51.730Z] User ID: 2, Username: admin, Email: admin@a.com
[2025-05-13T00:40:58.151Z] User ID: 2, Username: admin, Email: admin@a.com
[2025-05-13T00:40:58.153Z] User ID: 2, Username: admin, Email: admin@a.com
[2025-05-13T00:45:59.874Z] User ID: 2, Username: admin, Email: admin@a.com
[2025-05-13T00:45:59.886Z] User ID: 2, Username: admin, Email: admin@a.com
[2025-05-13T00:46:02.816Z] User ID: 2, Username: admin, Email: admin@a.com
[2025-05-13T00:46:02.820Z] User ID: 2, Username: admin, Email: admin@a.com
[2025-05-13T00:48:37.642Z] User ID: 2, Username: admin, Email: admin@a.com
[2025-05-13T00:48:37.648Z] User ID: 2, Username: admin, Email: admin@a.com
[2025-05-13T00:48:41.141Z] User ID: 2, Username: admin, Email: admin@a.com
[2025-05-13T00:48:41.147Z] User ID: 2, Username: admin, Email: admin@a.com
[2025-05-13T00:48:44.860Z] User ID: 2, Username: admin, Email: admin@a.com
[2025-05-13T00:48:44.865Z] User ID: 2, Username: admin, Email: admin@a.com
[2025-05-13T00:50:25.384Z] User ID: 2, Username: admin, Email: admin@a.com
[2025-05-13T00:50:25.390Z] User ID: 2, Username: admin, Email: admin@a.com
[2025-05-13T00:51:18.779Z] User ID: 2, Username: admin, Email: admin@a.com
[2025-05-13T00:51:18.785Z] User ID: 2, Username: admin, Email: admin@a.com
[2025-05-13T00:53:08.817Z] User ID: 2, Username: admin, Email: admin@a.com
[2025-05-13T00:53:08.821Z] User ID: 2, Username: admin, Email: admin@a.com
[2025-05-13T00:53:43.053Z] User ID: 2, Username: admin, Email: admin@a.com
[2025-05-13T00:53:43.056Z] User ID: 2, Username: admin, Email: admin@a.com
[2025-05-13T00:56:51.107Z] User ID: 2, Username: admin, Email: admin@a.com
[2025-05-13T00:56:51.116Z] User ID: 2, Username: admin, Email: admin@a.com
[2025-05-13T01:00:23.645Z] User ID: 2, Username: admin, Email: admin@a.com
[2025-05-13T01:00:23.651Z] User ID: 2, Username: admin, Email: admin@a.com
[2025-05-13T01:00:56.377Z] User ID: 2, Username: admin, Email: admin@a.com
[2025-05-13T01:00:56.383Z] User ID: 2, Username: admin, Email: admin@a.com
[2025-05-13T01:00:58.254Z] User ID: 2, Username: admin, Email: admin@a.com
[2025-05-13T01:00:58.269Z] User ID: 2, Username: admin, Email: admin@a.com
[2025-05-13T01:01:37.563Z] User ID: 2, Username: admin, Email: admin@a.com
[2025-05-13T01:01:37.568Z] User ID: 2, Username: admin, Email: admin@a.com
[2025-05-13T01:01:41.991Z] User ID: 2, Username: admin, Email: admin@a.com
[2025-05-13T01:01:41.998Z] User ID: 2, Username: admin, Email: admin@a.com
[2025-05-13T01:01:42.757Z] User ID: 2, Username: admin, Email: admin@a.com
[2025-05-13T01:01:42.764Z] User ID: 2, Username: admin, Email: admin@a.com
[2025-05-13T01:01:44.639Z] User ID: 2, Username: admin, Email: admin@a.com
[2025-05-13T01:01:44.650Z] User ID: 2, Username: admin, Email: admin@a.com
[2025-05-13T01:01:46.627Z] User ID: 2, Username: admin, Email: admin@a.com
[2025-05-13T01:01:46.644Z] User ID: 2, Username: admin, Email: admin@a.com
[2025-05-13T01:01:51.910Z] User ID: 2, Username: admin, Email: admin@a.com
[2025-05-13T01:01:51.920Z] User ID: 2, Username: admin, Email: admin@a.com
[2025-05-13T01:01:53.189Z] User ID: 2, Username: admin, Email: admin@a.com
[2025-05-13T01:01:53.196Z] User ID: 2, Username: admin, Email: admin@a.com
[2025-05-13T01:04:35.268Z] User ID: 2, Username: admin, Email: admin@a.com
[2025-05-13T01:04:35.276Z] User ID: 2, Username: admin, Email: admin@a.com
[2025-05-13T01:05:09.685Z] User ID: 2, Username: admin, Email: admin@a.com
[2025-05-13T01:05:09.691Z] User ID: 2, Username: admin, Email: admin@a.com
[2025-05-13T01:06:58.194Z] User ID: 2, Username: admin, Email: admin@a.com
[2025-05-13T01:06:58.197Z] User ID: 2, Username: admin, Email: admin@a.com
[2025-05-13T01:07:03.751Z] User ID: 2, Username: admin, Email: admin@a.com
[2025-05-13T01:07:03.753Z] User ID: 2, Username: admin, Email: admin@a.com
[2025-05-13T01:07:08.427Z] User ID: 2, Username: admin, Email: admin@a.com
[2025-05-13T01:07:08.434Z] User ID: 2, Username: admin, Email: admin@a.com
[2025-05-13T01:08:04.597Z] User ID: 2, Username: admin, Email: admin@a.com
[2025-05-13T01:08:04.600Z] User ID: 2, Username: admin, Email: admin@a.com
[2025-05-13T01:08:10.602Z] User ID: 2, Username: admin, Email: admin@a.com
[2025-05-13T01:08:10.604Z] User ID: 2, Username: admin, Email: admin@a.com
[2025-05-13T01:10:30.784Z] User ID: 2, Username: admin, Email: admin@a.com
[2025-05-13T01:10:30.798Z] User ID: 2, Username: admin, Email: admin@a.com
[2025-05-13T01:10:43.015Z] User ID: 2, Username: admin, Email: admin@a.com
[2025-05-13T01:10:43.020Z] User ID: 2, Username: admin, Email: admin@a.com
[2025-05-13T01:10:49.002Z] User ID: 2, Username: admin, Email: admin@a.com
[2025-05-13T01:10:49.008Z] User ID: 2, Username: admin, Email: admin@a.com
[2025-05-13T01:12:43.838Z] User ID: 2, Username: admin, Email: admin@a.com
[2025-05-13T01:12:43.846Z] User ID: 2, Username: admin, Email: admin@a.com
[2025-05-13T01:12:57.167Z] User ID: 2, Username: admin, Email: admin@a.com
[2025-05-13T01:12:57.174Z] User ID: 2, Username: admin, Email: admin@a.com
[2025-05-13T01:13:17.306Z] User ID: 2, Username: admin, Email: admin@a.com
[2025-05-13T01:13:17.309Z] User ID: 2, Username: admin, Email: admin@a.com
[2025-05-13T01:13:17.384Z] User ID: 2, Username: admin, Email: admin@a.com
[2025-05-13T01:13:17.389Z] User ID: 2, Username: admin, Email: admin@a.com
[2025-05-13T01:16:40.019Z] User ID: 2, Username: admin, Email: admin@a.com
[2025-05-13T01:16:40.027Z] User ID: 2, Username: admin, Email: admin@a.com
[2025-05-13T01:18:45.945Z] User ID: 2, Username: admin, Email: admin@a.com
[2025-05-13T01:18:45.956Z] User ID: 2, Username: admin, Email: admin@a.com
[2025-05-13T01:19:38.331Z] User ID: 2, Username: admin, Email: admin@a.com
[2025-05-13T01:19:38.348Z] User ID: 2, Username: admin, Email: admin@a.com
[2025-05-13T01:19:50.622Z] User ID: 2, Username: admin, Email: admin@a.com
[2025-05-13T01:19:50.630Z] User ID: 2, Username: admin, Email: admin@a.com
[2025-05-13T01:19:58.646Z] User ID: 2, Username: admin, Email: admin@a.com
[2025-05-13T01:19:58.655Z] User ID: 2, Username: admin, Email: admin@a.com
[2025-05-13T01:21:14.396Z] User ID: 2, Username: admin, Email: admin@a.com
[2025-05-13T01:21:14.403Z] User ID: 2, Username: admin, Email: admin@a.com
[2025-05-13T01:21:18.303Z] User ID: 2, Username: admin, Email: admin@a.com
[2025-05-13T01:21:18.311Z] User ID: 2, Username: admin, Email: admin@a.com
[2025-05-13T01:21:20.704Z] User ID: 2, Username: admin, Email: admin@a.com
[2025-05-13T01:21:20.714Z] User ID: 2, Username: admin, Email: admin@a.com
[2025-05-13T01:25:54.581Z] User ID: 2, Username: admin, Email: admin@a.com
[2025-05-13T01:25:54.595Z] User ID: 2, Username: admin, Email: admin@a.com
[2025-05-13T01:28:23.726Z] User ID: 2, Username: admin, Email: admin@a.com
[2025-05-13T01:28:23.734Z] User ID: 2, Username: admin, Email: admin@a.com
[2025-05-13T01:28:43.518Z] User ID: 2, Username: admin, Email: admin@a.com
[2025-05-13T01:28:43.527Z] User ID: 2, Username: admin, Email: admin@a.com
[2025-05-13T01:33:51.631Z] User ID: 2, Username: admin, Email: admin@a.com
[2025-05-13T01:33:51.644Z] User ID: 2, Username: admin, Email: admin@a.com
[2025-05-13T01:36:47.847Z] User ID: 2, Username: admin, Email: admin@a.com
[2025-05-13T01:36:47.853Z] User ID: 2, Username: admin, Email: admin@a.com
[2025-05-13T01:37:04.301Z] User ID: 2, Username: admin, Email: admin@a.com
[2025-05-13T01:37:04.311Z] User ID: 2, Username: admin, Email: admin@a.com
[2025-05-13T01:38:04.470Z] User ID: 2, Username: admin, Email: admin@a.com
[2025-05-13T01:41:02.214Z] User ID: 2, Username: admin, Email: admin@a.com
[2025-05-13T01:41:22.316Z] User ID: 2, Username: admin, Email: admin@a.com
[2025-05-13T01:41:29.308Z] User ID: 2, Username: admin, Email: admin@a.com
[2025-05-13T01:41:29.317Z] User ID: 2, Username: admin, Email: admin@a.com
[2025-05-13T01:41:33.839Z] User ID: 2, Username: admin, Email: admin@a.com
[2025-05-13T01:41:33.845Z] User ID: 2, Username: admin, Email: admin@a.com
[2025-05-13T01:41:35.897Z] User ID: 2, Username: admin, Email: admin@a.com
[2025-05-13T01:41:35.906Z] User ID: 2, Username: admin, Email: admin@a.com
[2025-05-13T01:41:43.709Z] User ID: 2, Username: admin, Email: admin@a.com
[2025-05-13T01:41:43.711Z] User ID: 2, Username: admin, Email: admin@a.com
[2025-05-13T01:41:43.781Z] User ID: 2, Username: admin, Email: admin@a.com
[2025-05-13T01:41:43.789Z] User ID: 2, Username: admin, Email: admin@a.com
[2025-05-13T01:41:52.384Z] User ID: 2, Username: admin, Email: admin@a.com
[2025-05-13T01:41:52.393Z] User ID: 2, Username: admin, Email: admin@a.com
