[2025-05-04T23:11:50.846Z] POST - /users
[2025-05-04T23:12:57.858Z] POST - /auth/login
[2025-05-04T23:13:52.251Z] GET - /livros/1
[2025-05-04T23:15:24.711Z] GET - /livros/1
[2025-05-04T23:21:43.365Z] GET - /livros/1
[2025-05-04T23:23:26.239Z] GET - /livros/2
[2025-05-04T23:25:12.052Z] GET - /livros/2
[2025-05-04T23:26:33.149Z] GET - /livros/3
[2025-05-04T23:26:50.322Z] GET - /livros/3
[2025-05-04T23:31:03.079Z] POST - /auth/login
[2025-05-04T23:31:20.097Z] GET - /livros/3
[2025-05-04T23:52:05.344Z] GET - /users
[2025-05-04T23:52:25.101Z] POST - /users
[2025-05-04T23:52:29.548Z] POST - /auth/login
[2025-05-04T23:52:41.800Z] GET - /livros/3
[2025-05-04T23:52:52.067Z] PATCH - /livros/1
[2025-05-04T23:52:55.945Z] GET - /users
[2025-05-04T23:53:09.189Z] GET - /users
[2025-05-04T23:53:44.139Z] POST - /users
[2025-05-04T23:54:07.393Z] POST - /auth/login
[2025-05-05T00:00:55.410Z] POST - /users
[2025-05-05T00:01:08.805Z] POST - /users
[2025-05-05T00:01:31.983Z] POST - /auth/login
[2025-05-05T00:01:48.909Z] GET - /users
[2025-05-05T00:01:56.550Z] GET - /users
[2025-05-05T00:02:06.622Z] PATCH - /livros/1
[2025-05-05T00:02:10.541Z] PATCH - /livros/1
[2025-05-05T00:02:26.429Z] GET - /livros
[2025-05-05T00:02:33.249Z] GET - /livros
[2025-05-05T00:02:58.402Z] POST - /auth/login
[2025-05-05T00:03:08.992Z] GET - /users
[2025-05-05T00:03:20.380Z] POST - /auth/login
[2025-05-05T00:03:31.355Z] POST - /auth/login
[2025-05-05T00:03:44.775Z] GET - /users
[2025-05-05T00:03:55.744Z] GET - /users
[2025-05-05T00:04:18.005Z] POST - /users
[2025-05-05T00:04:28.736Z] POST - /users
[2025-05-05T00:04:46.675Z] GET - /users
[2025-05-05T00:04:59.773Z] PATCH - /livros/1
[2025-05-05T00:06:13.635Z] POST - /auth/login
[2025-05-05T00:06:39.153Z] POST - /auth/login
[2025-05-05T00:07:09.219Z] POST - /auth/login
[2025-05-05T00:07:25.259Z] POST - /auth/login
[2025-05-05T00:08:06.740Z] POST - /auth/login
[2025-05-05T00:08:47.485Z] POST - /auth/login
[2025-05-05T00:08:58.921Z] GET - /users
[2025-05-05T00:14:39.092Z] GET - /users
[2025-05-05T00:14:59.246Z] GET - /users
[2025-05-05T00:15:03.767Z] POST - /auth/login
[2025-05-05T00:15:53.997Z] GET - /users
[2025-05-05T00:16:29.671Z] GET - /users
[2025-05-05T00:18:13.549Z] GET - /users
[2025-05-05T00:18:35.039Z] GET - /users
[2025-05-05T00:21:13.177Z] POST - /auth/login
[2025-05-05T00:21:28.269Z] GET - /users
[2025-05-05T00:22:03.154Z] POST - /auth/login
[2025-05-05T00:22:18.244Z] GET - /users
[2025-05-05T01:50:06.770Z] DELETE - /livros/1
[2025-05-05T01:50:44.372Z] POST - /auth/login
[2025-05-05T01:51:20.932Z] GET - /users
[2025-05-05T01:51:31.878Z] GET - /livros
[2025-05-05T01:51:59.974Z] GET - /livros
[2025-05-05T01:52:27.141Z] DELETE - /livros/1
[2025-05-05T01:54:29.925Z] DELETE - /livros/1
[2025-05-05T01:55:30.751Z] POST - /auth/login
[2025-05-05T01:55:51.639Z] GET - /livros
[2025-05-05T01:56:04.003Z] DELETE - /livros/1
[2025-05-05T02:01:49.468Z] POST - /auth/login
[2025-05-05T02:02:12.837Z] GET - /livros
[2025-05-05T02:02:25.455Z] DELETE - /livros/1
[2025-05-05T02:05:22.244Z] DELETE - /livros/5ae156fa-f3c9-4b9b-bda8-fbbc1f1a8700
[2025-05-05T02:13:00.197Z] POST - /auth/login
[2025-05-05T02:13:16.226Z] GET - /livros
[2025-05-05T02:13:24.418Z] GET - /livros
[2025-05-05T02:13:50.892Z] DELETE - /livros/1
[2025-05-05T02:14:12.820Z] POST - /auth/login
[2025-05-05T02:14:35.925Z] GET - /livros
[2025-05-05T02:14:45.100Z] DELETE - /livros/1
[2025-05-05T16:15:43.441Z] POST - /auth/login
[2025-05-05T16:16:28.006Z] GET - /livros
[2025-05-05T16:18:00.882Z] POST - /livros
[2025-05-05T16:18:17.404Z] GET - /livros
[2025-05-05T16:18:28.687Z] POST - /livros
[2025-05-05T16:18:54.528Z] POST - /users
[2025-05-05T16:22:39.653Z] POST - /livros
[2025-05-05T16:22:54.586Z] POST - /auth/login
[2025-05-05T16:23:14.542Z] GET - /livros
[2025-05-05T16:23:29.842Z] DELETE - /livros/1
[2025-05-05T16:23:57.186Z] DELETE - /livros/6
[2025-05-05T16:24:01.210Z] DELETE - /livros/7
[2025-05-05T16:24:09.259Z] POST - /livros
[2025-05-05T16:24:21.804Z] POST - /livros
[2025-05-05T16:30:02.873Z] POST - /livros
[2025-05-05T23:59:45.354Z] GET - /users
[2025-05-05T23:59:56.100Z] POST - /auth/login
[2025-05-06T00:00:19.385Z] POST - /auth/login
[2025-05-06T00:00:32.788Z] POST - /auth/login
[2025-05-06T00:36:15.742Z] POST - /auth/login
[2025-05-06T00:36:45.084Z] POST - /auth/login
[2025-05-06T00:36:58.406Z] GET - /users
[2025-05-06T00:37:50.935Z] POST - /auth/login
[2025-05-06T00:38:03.631Z] POST - /auth/login
[2025-05-06T00:44:55.984Z] POST - /auth/login
[2025-05-06T00:45:32.831Z] POST - /auth/login
[2025-05-06T00:49:55.908Z] POST - /auth/login
[2025-05-06T00:50:56.581Z] POST - /auth/login
[2025-05-06T00:50:56.722Z] GET - /livros
[2025-05-06T00:50:56.774Z] GET - /livros
[2025-05-06T00:51:45.184Z] POST - /auth/login
[2025-05-06T00:51:45.351Z] GET - /livros
[2025-05-06T00:51:45.380Z] GET - /livros
[2025-05-06T00:51:48.655Z] GET - /livros/4
[2025-05-06T00:51:48.664Z] GET - /livros/4
[2025-05-06T00:51:51.599Z] GET - /livros
[2025-05-06T00:51:51.609Z] GET - /livros
[2025-05-06T00:51:52.484Z] GET - /livros/6
[2025-05-06T00:51:52.493Z] GET - /livros/6
[2025-05-06T00:51:53.694Z] GET - /livros
[2025-05-06T00:51:53.707Z] GET - /livros
[2025-05-06T00:53:00.919Z] POST - /auth/login
[2025-05-06T00:53:01.062Z] GET - /livros
[2025-05-06T00:53:01.088Z] GET - /livros
[2025-05-06T00:53:03.890Z] GET - /livros/5
[2025-05-06T00:53:03.897Z] GET - /livros/5
[2025-05-06T00:53:05.517Z] GET - /livros
[2025-05-06T00:53:05.527Z] GET - /livros
[2025-05-06T00:53:06.379Z] GET - /livros/2
[2025-05-06T00:53:06.387Z] GET - /livros/2
[2025-05-06T00:53:07.300Z] GET - /livros
[2025-05-06T00:53:07.309Z] GET - /livros
[2025-05-06T00:54:35.663Z] GET - /livros
[2025-05-07T00:09:12.668Z] POST - /auth/login
[2025-05-07T00:46:57.275Z] POST - /livros
[2025-05-07T00:50:31.705Z] POST - /livros
[2025-05-07T00:50:49.048Z] POST - /auth/login
[2025-05-07T00:51:03.404Z] POST - /livros
[2025-05-07T00:52:03.894Z] POST - /livros
[2025-05-07T00:55:55.066Z] POST - /livros
[2025-05-07T00:56:20.135Z] POST - /livros
[2025-05-07T00:56:54.209Z] POST - /livros
[2025-05-07T00:59:01.667Z] POST - /livros
[2025-05-07T00:59:38.233Z] POST - /auth/login
[2025-05-07T00:59:52.787Z] POST - /livros
[2025-05-07T01:03:30.654Z] POST - /livros
[2025-05-07T01:05:23.639Z] POST - /auth/login
[2025-05-07T01:05:38.288Z] POST - /livros
[2025-05-07T01:13:23.190Z] POST - /livros
[2025-05-07T01:16:49.645Z] POST - /auth/login
[2025-05-07T01:16:59.796Z] POST - /livros
[2025-05-07T01:52:59.861Z] POST - /auth/login
[2025-05-07T01:53:13.615Z] POST - /livros
[2025-05-07T01:54:59.546Z] POST - /auth/login
[2025-05-07T01:55:12.354Z] POST - /livros
[2025-05-07T01:59:32.841Z] POST - /auth/login
[2025-05-07T01:59:42.843Z] POST - /livros
[2025-05-07T02:03:55.806Z] POST - /auth/login
[2025-05-07T02:04:08.460Z] POST - /livros
[2025-05-07T02:05:06.232Z] POST - /auth/login
[2025-05-07T02:05:13.291Z] POST - /livros
[2025-05-07T02:07:01.174Z] POST - /auth/login
[2025-05-07T02:07:10.830Z] POST - /livros
[2025-05-07T02:11:34.748Z] POST - /auth/login
[2025-05-07T02:11:47.866Z] POST - /livros
[2025-05-07T02:16:53.521Z] POST - /auth/login
[2025-05-07T02:17:02.059Z] POST - /livros
[2025-05-07T02:21:32.939Z] POST - /auth/login
[2025-05-07T02:21:42.253Z] POST - /livros
[2025-05-07T02:22:15.893Z] POST - /livros
[2025-05-07T02:31:36.033Z] POST - /auth/login
[2025-05-07T02:31:36.238Z] GET - /livros
[2025-05-07T02:31:36.275Z] GET - /livros
[2025-05-07T02:33:59.862Z] GET - /livros
[2025-05-07T02:34:41.864Z] POST - /auth/login
[2025-05-07T02:34:42.026Z] GET - /livros
[2025-05-07T02:34:42.048Z] GET - /livros
[2025-05-07T02:35:40.844Z] GET - /livros
[2025-05-07T02:35:40.860Z] GET - /livros
[2025-05-07T02:35:52.285Z] POST - /auth/login
[2025-05-07T02:35:52.365Z] GET - /livros
[2025-05-07T02:35:52.370Z] GET - /livros
[2025-05-07T02:41:01.179Z] POST - /auth/login
[2025-05-07T02:41:01.360Z] GET - /livros
[2025-05-07T02:41:01.385Z] GET - /livros
[2025-05-07T02:46:26.379Z] POST - /auth/login
[2025-05-07T02:48:06.198Z] POST - /auth/login
[2025-05-07T02:48:06.341Z] GET - /
[2025-05-07T02:48:06.373Z] GET - /
[2025-05-07T02:49:00.942Z] POST - /auth/login
[2025-05-07T02:49:01.087Z] GET - /livros
[2025-05-07T02:49:01.094Z] GET - /livros
[2025-05-07T02:50:09.957Z] POST - /auth/login
[2025-05-07T02:50:10.101Z] GET - /livros
[2025-05-07T02:50:10.120Z] GET - /livros
[2025-05-07T02:50:28.724Z] POST - /auth/login
[2025-05-07T02:50:49.114Z] GET - /livros
[2025-05-07T02:50:57.153Z] GET - /livros
[2025-05-07T02:53:42.050Z] POST - /auth/login
[2025-05-07T02:55:00.185Z] GET - /livros
[2025-05-07T02:57:49.515Z] GET - /livros
[2025-05-07T03:00:22.528Z] POST - /auth/login
[2025-05-07T03:00:22.697Z] GET - /livros
[2025-05-07T03:00:22.707Z] GET - /livros
[2025-05-07T03:00:22.719Z] GET - /uploads/1746584535896-262898473.jpg
[2025-05-07T03:00:30.113Z] GET - /livros/1746584535902
[2025-05-07T03:00:30.120Z] GET - /livros/1746584535902
[2025-05-07T03:00:32.854Z] GET - /livros
[2025-05-07T03:00:32.863Z] GET - /livros
[2025-05-07T03:00:32.877Z] GET - /uploads/1746584535896-262898473.jpg
[2025-05-07T03:01:34.748Z] POST - /livros
[2025-05-07T03:01:45.147Z] POST - /livros
[2025-05-07T03:01:52.767Z] POST - /livros
[2025-05-07T03:04:15.221Z] POST - /auth/login
[2025-05-07T03:04:24.079Z] POST - /livros
[2025-05-07T03:05:59.316Z] POST - /auth/login
[2025-05-07T03:05:59.472Z] GET - /livros
[2025-05-07T03:05:59.487Z] GET - /livros
[2025-05-07T03:05:59.505Z] GET - /uploads/1746584535896-262898473.jpg
[2025-05-07T03:06:09.765Z] GET - /livros/1746584535902
[2025-05-07T03:06:09.773Z] GET - /livros/1746584535902
[2025-05-07T03:06:11.752Z] GET - /livros
[2025-05-07T03:06:11.766Z] GET - /livros
[2025-05-07T03:06:11.785Z] GET - /uploads/1746584535896-262898473.jpg
[2025-05-07T03:11:35.806Z] POST - /auth/login
[2025-05-07T03:11:50.522Z] GET - /livros
[2025-05-07T03:11:53.855Z] POST - /livros
[2025-05-07T03:12:09.832Z] POST - /livros
[2025-05-07T03:17:38.001Z] POST - /auth/login
[2025-05-07T03:17:52.773Z] POST - /livros
[2025-05-07T03:21:03.343Z] POST - /auth/login
[2025-05-07T03:21:10.870Z] POST - /livros
[2025-05-07T03:21:17.477Z] GET - /livros
[2025-05-07T03:21:38.908Z] POST - /auth/login
[2025-05-07T03:21:39.046Z] GET - /livros
[2025-05-07T03:21:39.054Z] GET - /livros
[2025-05-07T03:21:39.069Z] GET - /uploads/1746584535896-262898473.jpg
[2025-05-07T03:21:39.074Z] GET - /uploads/1746588070876-155245935.jpg
[2025-05-07T03:21:43.063Z] GET - /livros/1746588070908
[2025-05-07T03:21:43.075Z] GET - /livros/1746588070908
[2025-05-07T03:21:44.960Z] GET - /livros
[2025-05-07T03:21:44.969Z] GET - /livros
[2025-05-07T03:21:44.975Z] GET - /uploads/1746584535896-262898473.jpg
[2025-05-07T03:21:44.976Z] GET - /uploads/1746588070876-155245935.jpg
[2025-05-07T03:28:15.680Z] POST - /auth/login
[2025-05-07T03:28:15.863Z] GET - /livros
[2025-05-07T03:28:15.879Z] GET - /livros
[2025-05-07T03:29:42.529Z] GET - /uploads/1746588070876-155245935.jpg
[2025-05-07T03:32:56.646Z] POST - /auth/login
[2025-05-07T03:32:56.817Z] GET - /livros
[2025-05-07T03:32:56.833Z] GET - /livros
[2025-05-07T03:33:03.228Z] GET - /favicon.ico
[2025-05-07T03:33:55.232Z] POST - /auth/login
[2025-05-07T03:33:55.377Z] GET - /livros
[2025-05-07T03:33:55.388Z] GET - /livros
[2025-05-07T03:35:33.034Z] POST - /auth/login
[2025-05-07T03:35:33.106Z] GET - /livros
[2025-05-07T03:35:33.110Z] GET - /livros
[2025-05-07T03:36:35.837Z] GET - /uploads/undefined
[2025-05-12T19:22:13.677Z] POST - /users
[2025-05-12T19:23:50.583Z] POST - /auth/login
[2025-05-12T19:24:41.831Z] GET - /admin
[2025-05-12T19:25:00.208Z] GET - /user
[2025-05-12T19:26:32.842Z] GET - /users/admin
[2025-05-12T19:26:49.008Z] GET - /users/user
[2025-05-12T19:27:19.584Z] GET - /users/user
[2025-05-12T19:28:13.458Z] POST - /auth/login
[2025-05-12T19:28:22.604Z] GET - /users/user
[2025-05-12T19:30:28.203Z] GET - /users/user
[2025-05-12T19:30:35.634Z] GET - /users/user
[2025-05-12T19:32:56.756Z] POST - /auth/login
[2025-05-12T19:34:47.843Z] POST - /auth/login
[2025-05-12T19:35:07.926Z] GET - /users/user
[2025-05-12T19:50:41.635Z] POST - /auth/login
[2025-05-12T19:50:41.820Z] GET - /livros
[2025-05-12T19:50:41.843Z] GET - /livros
[2025-05-12T19:50:41.857Z] GET - /uploads/undefined
[2025-05-12T19:51:08.187Z] POST - /users
[2025-05-12T19:51:18.065Z] POST - /auth/login
[2025-05-12T19:51:18.249Z] GET - /livros
[2025-05-12T19:51:18.258Z] GET - /livros
[2025-05-12T19:51:18.278Z] GET - /uploads/undefined
[2025-05-12T19:51:31.726Z] GET - /livros/4
[2025-05-12T19:51:31.733Z] GET - /livros/4
[2025-05-12T19:51:31.741Z] GET - /uploads/undefined
[2025-05-12T19:51:35.194Z] GET - /livros
[2025-05-12T19:51:35.200Z] GET - /livros
[2025-05-12T19:51:35.218Z] GET - /uploads/undefined
[2025-05-12T20:11:00.136Z] POST - /auth/login
[2025-05-12T20:11:23.074Z] POST - /auth/login
[2025-05-12T20:11:47.041Z] POST - /users
[2025-05-12T20:14:21.521Z] POST - /auth/login
[2025-05-12T20:14:29.697Z] POST - /users
[2025-05-12T20:15:20.616Z] POST - /users
[2025-05-12T20:15:44.276Z] POST - /auth/login
[2025-05-12T20:15:59.547Z] POST - /auth/login
[2025-05-12T20:16:09.653Z] POST - /auth/login
[2025-05-12T20:19:31.578Z] POST - /auth/login
[2025-05-12T20:21:39.654Z] POST - /auth/login
[2025-05-12T20:22:19.681Z] POST - /auth/login
[2025-05-12T20:23:26.156Z] POST - /auth/login
[2025-05-12T20:26:26.628Z] POST - /auth/login
[2025-05-12T20:26:49.462Z] POST - /auth/login
[2025-05-12T20:27:07.697Z] POST - /auth/login
[2025-05-12T20:28:26.514Z] POST - /auth/login
[2025-05-12T20:30:08.208Z] POST - /auth/login
[2025-05-12T20:30:08.383Z] GET - /livros
[2025-05-12T20:30:08.421Z] GET - /livros
[2025-05-12T20:30:08.451Z] GET - /uploads/undefined
[2025-05-12T20:30:20.958Z] POST - /auth/login
[2025-05-12T20:30:21.118Z] GET - /livros
[2025-05-12T20:30:21.125Z] GET - /livros
[2025-05-12T20:30:21.153Z] GET - /uploads/undefined
[2025-05-12T20:30:57.437Z] GET - /livros
[2025-05-12T20:30:57.441Z] GET - /livros
[2025-05-12T20:31:20.669Z] GET - /users/user
[2025-05-12T20:31:57.518Z] POST - /auth/login
[2025-05-12T20:31:57.689Z] GET - /livros
[2025-05-12T20:31:57.698Z] GET - /livros
[2025-05-12T20:31:57.720Z] GET - /uploads/undefined
[2025-05-12T20:35:50.370Z] POST - /auth/login
[2025-05-12T20:38:21.857Z] GET - /livros
[2025-05-12T20:38:21.862Z] GET - /livros
[2025-05-12T20:38:30.299Z] POST - /auth/login
[2025-05-12T20:38:30.464Z] GET - /livros
[2025-05-12T20:38:30.472Z] GET - /livros
[2025-05-12T20:38:30.496Z] GET - /https://upload.wikimedia.org/wikipedia/pt/thumb/0/0c/Capit%C3%A3es_da_Areia.jpg/250px-Capit%C3%A3es_da_Areia.jpg
[2025-05-12T20:40:08.893Z] GET - /uploads/undefined
[2025-05-12T20:40:14.081Z] GET - /livros
[2025-05-12T20:40:14.085Z] GET - /livros
[2025-05-12T20:40:21.518Z] POST - /auth/login
[2025-05-12T20:40:21.676Z] GET - /livros
[2025-05-12T20:40:21.682Z] GET - /livros
[2025-05-12T20:40:21.693Z] GET - /uploads/undefined
[2025-05-12T20:42:24.904Z] GET - /uploads/https://upload.wikimedia.org/wikipedia/pt/thumb/0/0c/Capit%C3%A3es_da_Areia.jpg/250px-Capit%C3%A3es_da_Areia.jpg
[2025-05-12T20:42:34.839Z] GET - /livros
[2025-05-12T20:42:34.847Z] GET - /livros
[2025-05-12T20:42:42.394Z] POST - /auth/login
[2025-05-12T20:42:42.574Z] GET - /livros
[2025-05-12T20:42:42.582Z] GET - /livros
[2025-05-12T20:42:42.600Z] GET - /uploads/https://upload.wikimedia.org/wikipedia/pt/thumb/0/0c/Capit%C3%A3es_da_Areia.jpg/250px-Capit%C3%A3es_da_Areia.jpg
[2025-05-12T20:43:48.460Z] GET - /livros
[2025-05-12T20:43:48.464Z] GET - /livros
[2025-05-12T20:44:02.766Z] POST - /auth/login
[2025-05-12T20:44:02.906Z] GET - /livros
[2025-05-12T20:44:02.912Z] GET - /livros
[2025-05-12T20:44:02.926Z] GET - /uploads/https://upload.wikimedia.org/wikipedia/pt/thumb/0/0c/Capit%C3%A3es_da_Areia.jpg/250px-Capit%C3%A3es_da_Areia.jpg
[2025-05-12T20:45:57.337Z] GET - /livros
[2025-05-12T20:45:57.340Z] GET - /livros
[2025-05-12T20:45:57.375Z] GET - /uploads/https://upload.wikimedia.org/wikipedia/pt/thumb/0/0c/Capit%C3%A3es_da_Areia.jpg/250px-Capit%C3%A3es_da_Areia.jpg
[2025-05-12T20:45:57.375Z] GET - /uploads/undefined
[2025-05-12T20:46:02.250Z] POST - /auth/login
[2025-05-12T20:46:02.399Z] GET - /livros
[2025-05-12T20:46:02.407Z] GET - /livros
[2025-05-12T20:46:02.437Z] GET - /uploads/https://upload.wikimedia.org/wikipedia/pt/thumb/0/0c/Capit%C3%A3es_da_Areia.jpg/250px-Capit%C3%A3es_da_Areia.jpg
[2025-05-12T20:46:02.438Z] GET - /uploads/undefined
[2025-05-12T20:46:45.796Z] POST - /auth/login
[2025-05-12T20:51:12.204Z] POST - /auth/login
[2025-05-12T20:51:12.372Z] GET - /livros
[2025-05-12T20:51:12.378Z] GET - /livros
[2025-05-12T20:51:15.446Z] GET - /livros
[2025-05-12T20:51:15.452Z] GET - /livros
[2025-05-12T20:52:05.402Z] POST - /auth/login
[2025-05-12T20:52:05.509Z] GET - /livros
[2025-05-12T20:52:05.512Z] GET - /livros
[2025-05-12T20:54:55.891Z] GET - /uploads/undefined
[2025-05-12T20:55:02.882Z] GET - /uploads/https://upload.wikimedia.org/wikipedia/pt/thumb/0/0c/Capit%C3%A3es_da_Areia.jpg/250px-Capit%C3%A3es_da_Areia.jpg
[2025-05-12T20:57:17.299Z] POST - /livros
[2025-05-12T20:57:22.492Z] GET - /livros
[2025-05-12T20:57:22.509Z] GET - /livros
[2025-05-12T20:57:22.527Z] GET - /uploads/https://upload.wikimedia.org/wikipedia/pt/thumb/0/0c/Capit%C3%A3es_da_Areia.jpg/250px-Capit%C3%A3es_da_Areia.jpg
[2025-05-12T20:59:57.457Z] GET - /livros
[2025-05-12T20:59:57.488Z] GET - /livros
[2025-05-12T21:00:08.782Z] POST - /auth/login
[2025-05-12T21:00:08.928Z] GET - /livros
[2025-05-12T21:00:08.934Z] GET - /livros
[2025-05-12T21:00:08.952Z] GET - /uploads/https://upload.wikimedia.org/wikipedia/pt/thumb/0/0c/Capit%C3%A3es_da_Areia.jpg/250px-Capit%C3%A3es_da_Areia.jpg
[2025-05-12T21:01:27.872Z] POST - /livros
[2025-05-12T21:05:48.168Z] POST - /livros
[2025-05-12T21:06:13.402Z] POST - /auth/login
[2025-05-12T21:06:21.791Z] POST - /livros
[2025-05-12T21:07:10.792Z] POST - /livros
[2025-05-12T21:07:28.459Z] POST - /auth/login
[2025-05-12T21:07:37.445Z] POST - /livros
[2025-05-12T21:08:23.805Z] POST - /auth/login
[2025-05-12T21:08:30.919Z] POST - /livros
[2025-05-12T21:09:09.491Z] POST - /livros
[2025-05-12T21:09:22.840Z] GET - /livros
[2025-05-12T21:09:22.851Z] GET - /livros
[2025-05-12T21:09:29.776Z] POST - /auth/login
[2025-05-12T21:09:29.931Z] GET - /livros
[2025-05-12T21:09:29.944Z] GET - /livros
[2025-05-12T21:09:29.970Z] GET - /uploads/https://upload.wikimedia.org/wikipedia/pt/thumb/0/0c/Capit%C3%A3es_da_Areia.jpg/250px-Capit%C3%A3es_da_Areia.jpg
[2025-05-12T21:33:54.679Z] GET - /livros
[2025-05-12T21:33:54.745Z] GET - /livros
[2025-05-12T21:37:49.810Z] POST - /auth/login
[2025-05-12T21:37:49.970Z] GET - /livros
[2025-05-12T21:37:49.987Z] GET - /livros
[2025-05-12T21:37:50.027Z] GET - /uploads/https://upload.wikimedia.org/wikipedia/pt/thumb/0/0c/Capit%C3%A3es_da_Areia.jpg/250px-Capit%C3%A3es_da_Areia.jpg
[2025-05-12T21:46:14.839Z] GET - /livros
[2025-05-12T21:46:14.864Z] GET - /livros
[2025-05-12T21:46:14.910Z] GET - /uploads/https://upload.wikimedia.org/wikipedia/pt/thumb/0/0c/Capit%C3%A3es_da_Areia.jpg/250px-Capit%C3%A3es_da_Areia.jpg
[2025-05-12T21:51:18.801Z] GET - /livros
[2025-05-12T21:54:38.381Z] GET - /livros
[2025-05-12T21:54:38.386Z] GET - /livros
[2025-05-12T21:54:44.908Z] POST - /auth/login
[2025-05-12T21:54:45.121Z] GET - /livros
[2025-05-12T21:54:45.145Z] GET - /livros
[2025-05-12T21:56:32.862Z] GET - /livros
[2025-05-12T21:56:32.876Z] GET - /livros
[2025-05-12T21:56:33.089Z] GET - /uploads/https://upload.wikimedia.org/wikipedia/pt/thumb/0/0c/Capit%C3%A3es_da_Areia.jpg/250px-Capit%C3%A3es_da_Areia.jpg
[2025-05-12T21:56:37.965Z] POST - /auth/login
[2025-05-12T21:56:38.140Z] GET - /livros
[2025-05-12T21:56:38.147Z] GET - /livros
[2025-05-12T21:56:38.182Z] GET - /uploads/https://upload.wikimedia.org/wikipedia/pt/thumb/0/0c/Capit%C3%A3es_da_Areia.jpg/250px-Capit%C3%A3es_da_Areia.jpg
[2025-05-12T21:56:41.944Z] GET - /livros
[2025-05-12T21:56:41.948Z] GET - /livros
[2025-05-12T21:56:41.996Z] GET - /uploads/https://upload.wikimedia.org/wikipedia/pt/thumb/0/0c/Capit%C3%A3es_da_Areia.jpg/250px-Capit%C3%A3es_da_Areia.jpg
[2025-05-12T21:56:47.855Z] POST - /auth/login
[2025-05-12T21:56:48.048Z] GET - /livros
[2025-05-12T21:56:48.052Z] GET - /livros
[2025-05-12T21:56:48.085Z] GET - /uploads/https://upload.wikimedia.org/wikipedia/pt/thumb/0/0c/Capit%C3%A3es_da_Areia.jpg/250px-Capit%C3%A3es_da_Areia.jpg
[2025-05-12T21:56:56.365Z] GET - /uploads/https://upload.wikimedia.org/wikipedia/pt/thumb/0/0c/Capit%C3%A3es_da_Areia.jpg/250px-Capit%C3%A3es_da_Areia.jpg
[2025-05-12T21:57:03.321Z] GET - /usuarios
[2025-05-12T21:57:04.894Z] GET - /usuarios
[2025-05-12T21:57:06.292Z] GET - /usuarios
[2025-05-12T21:57:36.045Z] GET - /usuarios
[2025-05-12T21:58:27.754Z] GET - /usuarios
[2025-05-12T21:59:29.968Z] GET - /users
[2025-05-12T22:00:18.374Z] GET - /users/user
[2025-05-12T22:00:21.632Z] POST - /auth/login
[2025-05-12T22:00:35.002Z] GET - /users/user
[2025-05-12T22:00:41.197Z] GET - /users
[2025-05-12T22:00:48.217Z] GET - /users
[2025-05-12T22:00:53.524Z] GET - /users
[2025-05-12T22:03:17.691Z] POST - /auth/login
[2025-05-12T22:03:28.691Z] GET - /users
[2025-05-12T22:04:14.429Z] GET - /admin
[2025-05-12T22:06:08.117Z] GET - /users/admin
[2025-05-12T22:08:05.014Z] GET - /users/admin
[2025-05-12T22:08:06.489Z] GET - /users/admin
[2025-05-12T22:08:08.123Z] GET - /users/admin
[2025-05-12T22:08:12.270Z] GET - /livros
[2025-05-12T22:08:12.278Z] GET - /livros
[2025-05-12T22:08:12.314Z] GET - /uploads/https://upload.wikimedia.org/wikipedia/pt/thumb/0/0c/Capit%C3%A3es_da_Areia.jpg/250px-Capit%C3%A3es_da_Areia.jpg
[2025-05-12T22:08:20.408Z] GET - /livros
[2025-05-12T22:08:20.412Z] GET - /livros
[2025-05-12T22:08:29.220Z] POST - /auth/login
[2025-05-12T22:08:29.399Z] GET - /livros
[2025-05-12T22:08:29.404Z] GET - /livros
[2025-05-12T22:08:29.447Z] GET - /uploads/https://upload.wikimedia.org/wikipedia/pt/thumb/0/0c/Capit%C3%A3es_da_Areia.jpg/250px-Capit%C3%A3es_da_Areia.jpg
[2025-05-12T22:08:31.091Z] GET - /users/admin
[2025-05-12T22:08:32.626Z] GET - /uploads/https://upload.wikimedia.org/wikipedia/pt/thumb/0/0c/Capit%C3%A3es_da_Areia.jpg/250px-Capit%C3%A3es_da_Areia.jpg
[2025-05-12T22:09:06.720Z] POST - /livros
[2025-05-12T22:09:09.398Z] POST - /livros
[2025-05-12T22:09:16.908Z] GET - /livros
[2025-05-12T22:09:16.914Z] GET - /livros
[2025-05-12T22:09:22.419Z] POST - /auth/login
[2025-05-12T22:09:22.570Z] GET - /livros
[2025-05-12T22:09:22.579Z] GET - /livros
[2025-05-12T22:09:22.615Z] GET - /uploads/https://upload.wikimedia.org/wikipedia/pt/thumb/0/0c/Capit%C3%A3es_da_Areia.jpg/250px-Capit%C3%A3es_da_Areia.jpg
[2025-05-12T22:09:34.000Z] GET - /uploads/https://upload.wikimedia.org/wikipedia/pt/thumb/0/0c/Capit%C3%A3es_da_Areia.jpg/250px-Capit%C3%A3es_da_Areia.jpg
[2025-05-12T22:18:11.839Z] POST - /livros
[2025-05-12T22:18:17.209Z] GET - /livros
[2025-05-12T22:18:17.217Z] GET - /livros
[2025-05-12T22:18:22.693Z] POST - /auth/login
[2025-05-12T22:18:22.832Z] GET - /livros
[2025-05-12T22:18:22.840Z] GET - /livros
[2025-05-12T22:18:22.875Z] GET - /uploads/https://upload.wikimedia.org/wikipedia/pt/thumb/0/0c/Capit%C3%A3es_da_Areia.jpg/250px-Capit%C3%A3es_da_Areia.jpg
[2025-05-12T22:19:33.842Z] POST - /livros
[2025-05-12T22:27:20.773Z] POST - /livros
[2025-05-12T22:27:20.853Z] GET - /livros
[2025-05-12T22:27:20.861Z] GET - /livros
[2025-05-12T22:27:20.919Z] GET - /uploads/https://upload.wikimedia.org/wikipedia/pt/thumb/0/0c/Capit%C3%A3es_da_Areia.jpg/250px-Capit%C3%A3es_da_Areia.jpg
[2025-05-12T22:27:20.922Z] GET - /uploads//uploads/1747088840798-517345738.jpg
[2025-05-12T22:27:42.290Z] POST - /livros
[2025-05-12T22:27:42.347Z] GET - /livros
[2025-05-12T22:27:42.359Z] GET - /livros
[2025-05-12T22:27:42.411Z] GET - /uploads/https://upload.wikimedia.org/wikipedia/pt/thumb/0/0c/Capit%C3%A3es_da_Areia.jpg/250px-Capit%C3%A3es_da_Areia.jpg
[2025-05-12T22:27:42.418Z] GET - /uploads//uploads/1747088840798-517345738.jpg
[2025-05-12T22:29:53.187Z] GET - /https://upload.wikimedia.org/wikipedia/pt/thumb/0/0c/Capit%C3%A3es_da_Areia.jpg/250px-Capit%C3%A3es_da_Areia.jpg
[2025-05-12T22:29:53.188Z] GET - /1746584535896-262898473.jpg
[2025-05-12T22:29:53.189Z] GET - /1746588070876-155245935.jpg
[2025-05-12T22:29:53.190Z] GET - /1747084149495-418055999.jpg
[2025-05-12T22:29:53.191Z] GET - //uploads/1747088840798-517345738.jpg
[2025-05-12T22:29:53.190Z] GET - /1747084110927-592094653.jpg
[2025-05-12T22:30:06.047Z] GET - /upoloads/https://upload.wikimedia.org/wikipedia/pt/thumb/0/0c/Capit%C3%A3es_da_Areia.jpg/250px-Capit%C3%A3es_da_Areia.jpg
[2025-05-12T22:30:06.049Z] GET - /upoloads/1746584535896-262898473.jpg
[2025-05-12T22:30:06.050Z] GET - /upoloads/1746588070876-155245935.jpg
[2025-05-12T22:30:06.052Z] GET - /upoloads/1747084149495-418055999.jpg
[2025-05-12T22:30:06.051Z] GET - /upoloads/1747084110927-592094653.jpg
[2025-05-12T22:30:06.053Z] GET - /upoloads//uploads/1747088840798-517345738.jpg
[2025-05-12T22:30:14.319Z] GET - /uploads/https://upload.wikimedia.org/wikipedia/pt/thumb/0/0c/Capit%C3%A3es_da_Areia.jpg/250px-Capit%C3%A3es_da_Areia.jpg
[2025-05-12T22:30:14.322Z] GET - /uploads//uploads/1747088840798-517345738.jpg
[2025-05-12T22:31:25.832Z] GET - /livros
[2025-05-12T22:31:25.965Z] GET - /uploads/https://upload.wikimedia.org/wikipedia/pt/thumb/0/0c/Capit%C3%A3es_da_Areia.jpg/250px-Capit%C3%A3es_da_Areia.jpg
[2025-05-12T22:31:25.966Z] GET - /uploads//uploads/1747088840798-517345738.jpg
[2025-05-12T22:31:28.347Z] GET - /uploads//uploads/1747088862296-851387990.jpg
[2025-05-12T22:31:30.941Z] GET - /uploads/https://upload.wikimedia.org/wikipedia/pt/thumb/0/0c/Capit%C3%A3es_da_Areia.jpg/250px-Capit%C3%A3es_da_Areia.jpg
[2025-05-12T22:31:30.942Z] GET - /uploads//uploads/1747088840798-517345738.jpg
[2025-05-12T22:33:10.046Z] GET - /livros
[2025-05-12T22:33:10.049Z] GET - /livros
[2025-05-12T22:33:14.650Z] POST - /auth/login
[2025-05-12T22:33:14.816Z] GET - /livros
[2025-05-12T22:33:14.821Z] GET - /livros
[2025-05-12T22:33:14.860Z] GET - /uploads/https://upload.wikimedia.org/wikipedia/pt/thumb/0/0c/Capit%C3%A3es_da_Areia.jpg/250px-Capit%C3%A3es_da_Areia.jpg
[2025-05-12T22:33:14.866Z] GET - /uploads//uploads/1747088840798-517345738.jpg
[2025-05-12T22:33:40.807Z] GET - /https://upload.wikimedia.org/wikipedia/pt/thumb/0/0c/Capit%C3%A3es_da_Areia.jpg/250px-Capit%C3%A3es_da_Areia.jpg
[2025-05-12T22:33:40.808Z] GET - /1746584535896-262898473.jpg
[2025-05-12T22:33:40.808Z] GET - /1746588070876-155245935.jpg
[2025-05-12T22:33:40.878Z] GET - //uploads/1747088840798-517345738.jpg
[2025-05-12T22:33:40.885Z] GET - /1747084110927-592094653.jpg
[2025-05-12T22:33:40.887Z] GET - /1747084149495-418055999.jpg
[2025-05-12T22:34:12.866Z] GET - /uploads/https://upload.wikimedia.org/wikipedia/pt/thumb/0/0c/Capit%C3%A3es_da_Areia.jpg/250px-Capit%C3%A3es_da_Areia.jpg
[2025-05-12T22:34:12.866Z] GET - /uploads//uploads/1747088840798-517345738.jpg
[2025-05-12T22:38:10.347Z] POST - /livros
[2025-05-12T22:38:10.407Z] GET - /livros
[2025-05-12T22:38:10.414Z] GET - /livros
[2025-05-12T22:38:10.452Z] GET - /uploads/https://upload.wikimedia.org/wikipedia/pt/thumb/0/0c/Capit%C3%A3es_da_Areia.jpg/250px-Capit%C3%A3es_da_Areia.jpg
[2025-05-12T22:38:10.455Z] GET - /uploads//uploads/1747088840798-517345738.jpg
[2025-05-12T22:38:12.918Z] GET - /uploads//uploads/1747088862296-851387990.jpg
[2025-05-12T22:38:12.920Z] GET - /uploads//uploads/1747089490353-662028784.jpg
[2025-05-12T22:39:27.875Z] POST - /livros
[2025-05-12T22:39:27.958Z] GET - /livros
[2025-05-12T22:39:27.974Z] GET - /livros
[2025-05-12T22:39:28.042Z] GET - /uploads/https://upload.wikimedia.org/wikipedia/pt/thumb/0/0c/Capit%C3%A3es_da_Areia.jpg/250px-Capit%C3%A3es_da_Areia.jpg
[2025-05-12T22:39:28.045Z] GET - /uploads//uploads/1747088840798-517345738.jpg
[2025-05-12T22:39:30.693Z] GET - /uploads//uploads/1747088862296-851387990.jpg
[2025-05-12T22:39:30.695Z] GET - /uploads//uploads/1747089490353-662028784.jpg
[2025-05-12T22:45:13.297Z] GET - /livros
[2025-05-12T22:45:13.304Z] GET - /livros
[2025-05-12T22:45:26.160Z] POST - /auth/login
[2025-05-12T22:45:26.340Z] GET - /livros
[2025-05-12T22:45:26.345Z] GET - /livros
[2025-05-12T22:45:26.375Z] GET - /uploads/https://upload.wikimedia.org/wikipedia/pt/thumb/0/0c/Capit%C3%A3es_da_Areia.jpg/250px-Capit%C3%A3es_da_Areia.jpg
[2025-05-12T22:45:26.378Z] GET - /uploads//uploads/1747088840798-517345738.jpg
[2025-05-12T23:43:19.072Z] GET - /livros
[2025-05-12T23:43:19.124Z] GET - /livros
[2025-05-12T23:43:50.314Z] POST - /auth/login
[2025-05-12T23:43:50.429Z] GET - /livros
[2025-05-12T23:43:50.436Z] GET - /livros
[2025-05-12T23:43:50.461Z] GET - /uploads/https://upload.wikimedia.org/wikipedia/pt/thumb/0/0c/Capit%C3%A3es_da_Areia.jpg/250px-Capit%C3%A3es_da_Areia.jpg
[2025-05-12T23:43:50.463Z] GET - /uploads//uploads/1747088840798-517345738.jpg
[2025-05-12T23:48:07.749Z] GET - /uploads/https://upload.wikimedia.org/wikipedia/pt/thumb/0/0c/Capit%C3%A3es_da_Areia.jpg/250px-Capit%C3%A3es_da_Areia.jpg
[2025-05-12T23:48:09.525Z] GET - /uploads/https://upload.wikimedia.org/wikipedia/pt/thumb/0/0c/Capit%C3%A3es_da_Areia.jpg/250px-Capit%C3%A3es_da_Areia.jpg
[2025-05-12T23:48:10.826Z] GET - /uploads/https://upload.wikimedia.org/wikipedia/pt/thumb/0/0c/Capit%C3%A3es_da_Areia.jpg/250px-Capit%C3%A3es_da_Areia.jpg
[2025-05-12T23:48:10.828Z] GET - /uploads//uploads/1747088840798-517345738.jpg
[2025-05-12T23:55:46.527Z] GET - /uploads//uploads/1747088862296-851387990.jpg
[2025-05-12T23:55:46.533Z] GET - /uploads//uploads/1747089490353-662028784.jpg
[2025-05-12T23:55:51.145Z] GET - /uploads//uploads/1747088840798-517345738.jpg
[2025-05-12T23:55:51.146Z] GET - /uploads/https://upload.wikimedia.org/wikipedia/pt/thumb/0/0c/Capit%C3%A3es_da_Areia.jpg/250px-Capit%C3%A3es_da_Areia.jpg
[2025-05-12T23:59:26.206Z] GET - /uploads//uploads/1747088862296-851387990.jpg
[2025-05-12T23:59:26.207Z] GET - /uploads//uploads/1747089490353-662028784.jpg
[2025-05-12T23:59:28.937Z] GET - /uploads/https://upload.wikimedia.org/wikipedia/pt/thumb/0/0c/Capit%C3%A3es_da_Areia.jpg/250px-Capit%C3%A3es_da_Areia.jpg
[2025-05-12T23:59:28.939Z] GET - /uploads//uploads/1747088840798-517345738.jpg
[2025-05-12T23:59:37.834Z] GET - /uploads//uploads/1747088840798-517345738.jpg
[2025-05-12T23:59:37.835Z] GET - /uploads/https://upload.wikimedia.org/wikipedia/pt/thumb/0/0c/Capit%C3%A3es_da_Areia.jpg/250px-Capit%C3%A3es_da_Areia.jpg
[2025-05-12T23:59:39.444Z] GET - /uploads//uploads/1747088862296-851387990.jpg
[2025-05-12T23:59:39.445Z] GET - /uploads//uploads/1747089490353-662028784.jpg
[2025-05-12T23:59:41.618Z] GET - /uploads/https://upload.wikimedia.org/wikipedia/pt/thumb/0/0c/Capit%C3%A3es_da_Areia.jpg/250px-Capit%C3%A3es_da_Areia.jpg
[2025-05-12T23:59:41.619Z] GET - /uploads//uploads/1747088840798-517345738.jpg
[2025-05-13T00:00:24.621Z] GET - /uploads//uploads/1747088862296-851387990.jpg
[2025-05-13T00:00:24.625Z] GET - /uploads//uploads/1747089490353-662028784.jpg
[2025-05-13T00:00:26.381Z] GET - /uploads/https://upload.wikimedia.org/wikipedia/pt/thumb/0/0c/Capit%C3%A3es_da_Areia.jpg/250px-Capit%C3%A3es_da_Areia.jpg
[2025-05-13T00:00:26.381Z] GET - /uploads//uploads/1747088840798-517345738.jpg
[2025-05-13T00:00:55.943Z] GET - /uploads//uploads/1747088862296-851387990.jpg
[2025-05-13T00:00:55.944Z] GET - /uploads//uploads/1747089490353-662028784.jpg
[2025-05-13T00:00:57.055Z] GET - /uploads/https://upload.wikimedia.org/wikipedia/pt/thumb/0/0c/Capit%C3%A3es_da_Areia.jpg/250px-Capit%C3%A3es_da_Areia.jpg
[2025-05-13T00:00:57.057Z] GET - /uploads//uploads/1747088840798-517345738.jpg
[2025-05-13T00:01:17.483Z] GET - /users/admin
[2025-05-13T00:01:19.711Z] GET - /users/admin
[2025-05-13T00:03:19.877Z] GET - /users/admin
[2025-05-13T00:04:38.417Z] GET - /livros
[2025-05-13T00:04:38.444Z] GET - /livros
[2025-05-13T00:04:43.308Z] POST - /auth/login
[2025-05-13T00:04:43.480Z] GET - /livros
[2025-05-13T00:04:43.488Z] GET - /livros
[2025-05-13T00:04:43.519Z] GET - /uploads/https://upload.wikimedia.org/wikipedia/pt/thumb/0/0c/Capit%C3%A3es_da_Areia.jpg/250px-Capit%C3%A3es_da_Areia.jpg
[2025-05-13T00:04:43.526Z] GET - /uploads//uploads/1747088840798-517345738.jpg
[2025-05-13T00:04:48.041Z] GET - /users/admin
[2025-05-13T00:05:03.358Z] GET - /users
[2025-05-13T00:05:09.048Z] GET - /users/admin
[2025-05-13T00:06:20.437Z] POST - /auth/login
[2025-05-13T00:06:38.756Z] GET - /users/admin
[2025-05-13T00:08:52.904Z] GET - /users/admin
[2025-05-13T00:08:58.513Z] GET - /uploads/https://upload.wikimedia.org/wikipedia/pt/thumb/0/0c/Capit%C3%A3es_da_Areia.jpg/250px-Capit%C3%A3es_da_Areia.jpg
[2025-05-13T00:08:58.524Z] GET - /uploads//uploads/1747088840798-517345738.jpg
[2025-05-13T00:09:00.369Z] GET - /uploads//uploads/1747088862296-851387990.jpg
[2025-05-13T00:09:00.370Z] GET - /uploads//uploads/1747089490353-662028784.jpg
[2025-05-13T00:09:01.493Z] GET - /uploads//uploads/1747088840798-517345738.jpg
[2025-05-13T00:09:01.494Z] GET - /uploads/https://upload.wikimedia.org/wikipedia/pt/thumb/0/0c/Capit%C3%A3es_da_Areia.jpg/250px-Capit%C3%A3es_da_Areia.jpg
[2025-05-13T00:09:03.195Z] GET - /users/admin
[2025-05-13T00:11:08.394Z] GET - /uploads/https://upload.wikimedia.org/wikipedia/pt/thumb/0/0c/Capit%C3%A3es_da_Areia.jpg/250px-Capit%C3%A3es_da_Areia.jpg
[2025-05-13T00:11:08.397Z] GET - /uploads//uploads/1747088840798-517345738.jpg
[2025-05-13T00:11:21.744Z] DELETE - /livros/1747084110931
[2025-05-13T00:11:27.565Z] GET - /livros
[2025-05-13T00:11:27.573Z] GET - /livros
[2025-05-13T00:11:27.608Z] GET - /uploads/https://upload.wikimedia.org/wikipedia/pt/thumb/0/0c/Capit%C3%A3es_da_Areia.jpg/250px-Capit%C3%A3es_da_Areia.jpg
[2025-05-13T00:11:27.612Z] GET - /uploads//uploads/1747088840798-517345738.jpg
[2025-05-13T00:11:49.670Z] GET - /uploads/https://upload.wikimedia.org/wikipedia/pt/thumb/0/0c/Capit%C3%A3es_da_Areia.jpg/250px-Capit%C3%A3es_da_Areia.jpg
[2025-05-13T00:11:49.671Z] GET - /uploads//uploads/1747088840798-517345738.jpg
[2025-05-13T00:13:11.605Z] GET - /livros
[2025-05-13T00:13:11.686Z] GET - /uploads//uploads/1747088840798-517345738.jpg
[2025-05-13T00:13:11.685Z] GET - /uploads/https://upload.wikimedia.org/wikipedia/pt/thumb/0/0c/Capit%C3%A3es_da_Areia.jpg/250px-Capit%C3%A3es_da_Areia.jpg
[2025-05-13T00:13:30.445Z] GET - /users/admin
[2025-05-13T00:13:33.082Z] GET - /uploads/https://upload.wikimedia.org/wikipedia/pt/thumb/0/0c/Capit%C3%A3es_da_Areia.jpg/250px-Capit%C3%A3es_da_Areia.jpg
[2025-05-13T00:13:33.083Z] GET - /uploads//uploads/1747088840798-517345738.jpg
[2025-05-13T00:20:37.609Z] GET - /livros
[2025-05-13T00:20:37.616Z] GET - /livros
[2025-05-13T00:20:37.653Z] GET - /uploads/https://upload.wikimedia.org/wikipedia/pt/thumb/0/0c/Capit%C3%A3es_da_Areia.jpg/250px-Capit%C3%A3es_da_Areia.jpg
[2025-05-13T00:20:37.656Z] GET - /uploads//uploads/1747088840798-517345738.jpg
[2025-05-13T00:20:46.115Z] DELETE - /livros/2
[2025-05-13T00:25:11.239Z] DELETE - /livros/2
[2025-05-13T00:25:11.294Z] GET - /uploads//uploads/1747088862296-851387990.jpg
[2025-05-13T00:25:12.905Z] DELETE - /livros/3
[2025-05-13T00:25:12.942Z] GET - /uploads//uploads/1747089490353-662028784.jpg
[2025-05-13T00:26:14.813Z] DELETE - /livros/4
[2025-05-13T00:27:05.615Z] GET - /livros
[2025-05-13T00:27:05.681Z] GET - /uploads/https://upload.wikimedia.org/wikipedia/pt/thumb/0/0c/Capit%C3%A3es_da_Areia.jpg/250px-Capit%C3%A3es_da_Areia.jpg
[2025-05-13T00:27:05.682Z] GET - /uploads//uploads/1747088840798-517345738.jpg
[2025-05-13T00:27:05.683Z] GET - /uploads//uploads/1747088862296-851387990.jpg
[2025-05-13T00:27:05.685Z] GET - /uploads//uploads/1747089490353-662028784.jpg
[2025-05-13T00:27:23.657Z] GET - /uploads/https://upload.wikimedia.org/wikipedia/pt/thumb/0/0c/Capit%C3%A3es_da_Areia.jpg/250px-Capit%C3%A3es_da_Areia.jpg
[2025-05-13T00:27:23.658Z] GET - /uploads//uploads/1747088840798-517345738.jpg
[2025-05-13T00:27:23.658Z] GET - /uploads//uploads/1747088862296-851387990.jpg
[2025-05-13T00:27:23.660Z] GET - /uploads//uploads/1747089490353-662028784.jpg
[2025-05-13T00:28:17.894Z] DELETE - /livros/5
[2025-05-13T00:28:23.159Z] DELETE - /livros/1746584535902
[2025-05-13T00:28:31.757Z] DELETE - /livros/6
[2025-05-13T00:30:49.377Z] GET - /livros
[2025-05-13T00:30:49.383Z] GET - /livros
[2025-05-13T00:30:54.727Z] POST - /auth/login
[2025-05-13T00:30:54.916Z] GET - /livros
[2025-05-13T00:30:54.925Z] GET - /livros
[2025-05-13T00:30:54.972Z] GET - /uploads//uploads/1747088840798-517345738.jpg
[2025-05-13T00:30:54.974Z] GET - /uploads//uploads/1747088862296-851387990.jpg
[2025-05-13T00:30:54.975Z] GET - /uploads//uploads/1747089490353-662028784.jpg
[2025-05-13T00:30:59.319Z] DELETE - /livros/1747084110931
[2025-05-13T00:32:08.608Z] GET - /livros
[2025-05-13T00:32:08.680Z] GET - /uploads//uploads/1747088840798-517345738.jpg
[2025-05-13T00:32:08.681Z] GET - /uploads//uploads/1747088862296-851387990.jpg
[2025-05-13T00:32:08.681Z] GET - /uploads//uploads/1747089490353-662028784.jpg
[2025-05-13T00:36:12.626Z] GET - /livros
[2025-05-13T00:36:12.684Z] GET - /uploads//uploads/1747088840798-517345738.jpg
[2025-05-13T00:36:12.685Z] GET - /uploads//uploads/1747089490353-662028784.jpg
[2025-05-13T00:36:12.685Z] GET - /uploads//uploads/1747088862296-851387990.jpg
[2025-05-13T00:40:34.426Z] DELETE - /livros/1747088840809
[2025-05-13T00:40:47.450Z] GET - /livros
[2025-05-13T00:40:47.462Z] GET - /livros
[2025-05-13T00:40:47.506Z] GET - /uploads//uploads/1747088862296-851387990.jpg
[2025-05-13T00:40:47.510Z] GET - /uploads//uploads/1747089490353-662028784.jpg
[2025-05-13T00:40:51.725Z] GET - /users/admin
[2025-05-13T00:40:52.822Z] GET - /uploads//uploads/1747088862296-851387990.jpg
[2025-05-13T00:40:52.823Z] GET - /uploads//uploads/1747089490353-662028784.jpg
[2025-05-13T00:40:58.149Z] GET - /users/admin
[2025-05-13T00:41:01.173Z] GET - /uploads//uploads/1747088862296-851387990.jpg
[2025-05-13T00:41:01.177Z] GET - /uploads//uploads/1747089490353-662028784.jpg
[2025-05-13T00:45:59.869Z] GET - /livros
[2025-05-13T00:45:59.884Z] GET - /livros
[2025-05-13T00:45:59.915Z] GET - /uploads//uploads/1747088862296-851387990.jpg
[2025-05-13T00:45:59.920Z] GET - /uploads//uploads/1747089490353-662028784.jpg
[2025-05-13T00:46:02.815Z] GET - /livros
[2025-05-13T00:46:02.819Z] GET - /livros
[2025-05-13T00:46:02.838Z] GET - /uploads//uploads/1747088862296-851387990.jpg
[2025-05-13T00:46:02.839Z] GET - /uploads//uploads/1747089490353-662028784.jpg
[2025-05-13T00:48:37.640Z] GET - /livros
[2025-05-13T00:48:37.645Z] GET - /livros
[2025-05-13T00:48:37.673Z] GET - /uploads//uploads/1747088862296-851387990.jpg
[2025-05-13T00:48:37.676Z] GET - /uploads//uploads/1747089490353-662028784.jpg
[2025-05-13T00:48:41.140Z] GET - /livros
[2025-05-13T00:48:41.145Z] GET - /livros
[2025-05-13T00:48:41.170Z] GET - /uploads//uploads/1747088862296-851387990.jpg
[2025-05-13T00:48:41.171Z] GET - /uploads//uploads/1747089490353-662028784.jpg
[2025-05-13T00:48:44.859Z] GET - /livros
[2025-05-13T00:48:44.863Z] GET - /livros
[2025-05-13T00:48:44.882Z] GET - /uploads//uploads/1747089490353-662028784.jpg
[2025-05-13T00:48:44.883Z] GET - /uploads//uploads/1747088862296-851387990.jpg
[2025-05-13T00:50:25.382Z] GET - /livros
[2025-05-13T00:50:25.388Z] GET - /livros
[2025-05-13T00:50:25.422Z] GET - /uploads//uploads/1747088862296-851387990.jpg
[2025-05-13T00:50:25.423Z] GET - /uploads//uploads/1747089490353-662028784.jpg
[2025-05-13T00:51:18.777Z] GET - /livros
[2025-05-13T00:51:18.782Z] GET - /livros
[2025-05-13T00:51:18.835Z] GET - /uploads//uploads/1747088862296-851387990.jpg
[2025-05-13T00:51:18.837Z] GET - /uploads//uploads/1747089490353-662028784.jpg
[2025-05-13T00:53:08.816Z] GET - /livros
[2025-05-13T00:53:08.819Z] GET - /livros
[2025-05-13T00:53:08.879Z] GET - /uploads//uploads/1747088862296-851387990.jpg
[2025-05-13T00:53:08.880Z] GET - /uploads//uploads/1747089490353-662028784.jpg
[2025-05-13T00:53:43.052Z] GET - /livros
[2025-05-13T00:53:43.055Z] GET - /livros
[2025-05-13T00:53:43.098Z] GET - /uploads//uploads/1747088862296-851387990.jpg
[2025-05-13T00:53:43.098Z] GET - /uploads//uploads/1747089490353-662028784.jpg
[2025-05-13T00:56:51.104Z] GET - /livros
[2025-05-13T00:56:51.112Z] GET - /livros
[2025-05-13T00:56:51.171Z] GET - /uploads//uploads/1747088862296-851387990.jpg
[2025-05-13T00:56:51.172Z] GET - /uploads//uploads/1747089490353-662028784.jpg
[2025-05-13T01:00:23.643Z] GET - /livros
[2025-05-13T01:00:23.649Z] GET - /livros
[2025-05-13T01:00:23.695Z] GET - /uploads//uploads/1747088862296-851387990.jpg
[2025-05-13T01:00:23.696Z] GET - /uploads//uploads/1747089490353-662028784.jpg
[2025-05-13T01:00:56.375Z] GET - /livros
[2025-05-13T01:00:56.381Z] GET - /livros
[2025-05-13T01:00:56.445Z] GET - /uploads//uploads/1747088862296-851387990.jpg
[2025-05-13T01:00:56.445Z] GET - /uploads//uploads/1747089490353-662028784.jpg
[2025-05-13T01:00:58.252Z] GET - /livros/1747088862300
[2025-05-13T01:00:58.267Z] GET - /livros/1747088862300
[2025-05-13T01:00:58.296Z] GET - /uploads/undefined
[2025-05-13T01:01:37.562Z] GET - /livros
[2025-05-13T01:01:37.567Z] GET - /livros
[2025-05-13T01:01:37.605Z] GET - /uploads//uploads/1747089490353-662028784.jpg
[2025-05-13T01:01:37.604Z] GET - /uploads//uploads/1747088862296-851387990.jpg
[2025-05-13T01:01:41.989Z] GET - /livros/1747088862300
[2025-05-13T01:01:41.997Z] GET - /livros/1747088862300
[2025-05-13T01:01:42.006Z] GET - /uploads/undefined
[2025-05-13T01:01:42.755Z] GET - /livros
[2025-05-13T01:01:42.762Z] GET - /livros
[2025-05-13T01:01:42.814Z] GET - /uploads//uploads/1747088862296-851387990.jpg
[2025-05-13T01:01:42.816Z] GET - /uploads//uploads/1747089490353-662028784.jpg
[2025-05-13T01:01:44.636Z] GET - /livros/1746588070908
[2025-05-13T01:01:44.647Z] GET - /livros/1746588070908
[2025-05-13T01:01:44.666Z] GET - /uploads/undefined
[2025-05-13T01:01:46.624Z] GET - /livros
[2025-05-13T01:01:46.641Z] GET - /livros
[2025-05-13T01:01:46.684Z] GET - /uploads//uploads/1747088862296-851387990.jpg
[2025-05-13T01:01:46.685Z] GET - /uploads//uploads/1747089490353-662028784.jpg
[2025-05-13T01:01:51.909Z] GET - /livros/1746588070908
[2025-05-13T01:01:51.918Z] GET - /livros/1746588070908
[2025-05-13T01:01:51.928Z] GET - /uploads/undefined
[2025-05-13T01:01:53.186Z] GET - /livros
[2025-05-13T01:01:53.194Z] GET - /livros
[2025-05-13T01:01:53.249Z] GET - /uploads//uploads/1747088862296-851387990.jpg
[2025-05-13T01:01:53.252Z] GET - /uploads//uploads/1747089490353-662028784.jpg
[2025-05-13T01:04:35.265Z] GET - /livros
[2025-05-13T01:04:35.274Z] GET - /livros
[2025-05-13T01:04:35.325Z] GET - /uploads//uploads/1747088862296-851387990.jpg
[2025-05-13T01:04:35.328Z] GET - /uploads//uploads/1747089490353-662028784.jpg
[2025-05-13T01:05:09.683Z] GET - /livros
[2025-05-13T01:05:09.688Z] GET - /livros
[2025-05-13T01:05:09.746Z] GET - /uploads//uploads/1747088862296-851387990.jpg
[2025-05-13T01:05:09.748Z] GET - /uploads//uploads/1747089490353-662028784.jpg
[2025-05-13T01:06:58.194Z] GET - /livros
[2025-05-13T01:06:58.197Z] GET - /livros
[2025-05-13T01:06:58.234Z] GET - /uploads//uploads/1747088862296-851387990.jpg
[2025-05-13T01:06:58.234Z] GET - /uploads//uploads/1747089490353-662028784.jpg
[2025-05-13T01:07:03.621Z] POST - /auth/login
[2025-05-13T01:07:03.750Z] GET - /livros
[2025-05-13T01:07:03.753Z] GET - /livros
[2025-05-13T01:07:03.797Z] GET - /uploads//uploads/1747088862296-851387990.jpg
[2025-05-13T01:07:03.798Z] GET - /uploads//uploads/1747089490353-662028784.jpg
[2025-05-13T01:07:08.424Z] GET - /livros
[2025-05-13T01:07:08.431Z] GET - /livros
[2025-05-13T01:07:08.483Z] GET - /uploads//uploads/1747088862296-851387990.jpg
[2025-05-13T01:07:08.483Z] GET - /uploads//uploads/1747089490353-662028784.jpg
[2025-05-13T01:08:04.597Z] GET - /livros
[2025-05-13T01:08:04.599Z] GET - /livros
[2025-05-13T01:08:04.648Z] GET - /uploads//uploads/1747088862296-851387990.jpg
[2025-05-13T01:08:04.649Z] GET - /uploads//uploads/1747089490353-662028784.jpg
[2025-05-13T01:08:10.481Z] POST - /auth/login
[2025-05-13T01:08:10.601Z] GET - /livros
[2025-05-13T01:08:10.604Z] GET - /livros
[2025-05-13T01:08:10.649Z] GET - /uploads//uploads/1747088862296-851387990.jpg
[2025-05-13T01:08:10.649Z] GET - /uploads//uploads/1747089490353-662028784.jpg
[2025-05-13T01:08:12.185Z] GET - /livros/1747084149496
[2025-05-13T01:08:12.188Z] GET - /livros/1747084149496
[2025-05-13T01:10:30.775Z] GET - /livros
[2025-05-13T01:10:30.795Z] GET - /livros
[2025-05-13T01:10:30.832Z] GET - /uploads//uploads/1747088862296-851387990.jpg
[2025-05-13T01:10:30.834Z] GET - /uploads//uploads/1747089490353-662028784.jpg
[2025-05-13T01:10:32.840Z] GET - /livros/1747089567912
[2025-05-13T01:10:32.846Z] GET - /livros/1747089567912
[2025-05-13T01:10:38.572Z] GET - /livros/1747089567912
[2025-05-13T01:10:38.574Z] GET - /livros/1747089567912
[2025-05-13T01:10:43.014Z] GET - /livros
[2025-05-13T01:10:43.018Z] GET - /livros
[2025-05-13T01:10:43.059Z] GET - /uploads//uploads/1747088862296-851387990.jpg
[2025-05-13T01:10:43.060Z] GET - /uploads//uploads/1747089490353-662028784.jpg
[2025-05-13T01:10:48.817Z] POST - /auth/login
[2025-05-13T01:10:49.000Z] GET - /livros
[2025-05-13T01:10:49.006Z] GET - /livros
[2025-05-13T01:10:49.046Z] GET - /uploads//uploads/1747088862296-851387990.jpg
[2025-05-13T01:10:49.047Z] GET - /uploads//uploads/1747089490353-662028784.jpg
[2025-05-13T01:10:52.252Z] GET - /livros/1747089567912
[2025-05-13T01:10:52.255Z] GET - /livros/1747089567912
[2025-05-13T01:12:28.740Z] GET - /livros/1747089567912
[2025-05-13T01:12:28.742Z] GET - /livros/1747089567912
[2025-05-13T01:12:43.655Z] POST - /auth/login
[2025-05-13T01:12:43.836Z] GET - /livros
[2025-05-13T01:12:43.842Z] GET - /livros
[2025-05-13T01:12:43.887Z] GET - /uploads//uploads/1747088862296-851387990.jpg
[2025-05-13T01:12:43.889Z] GET - /uploads//uploads/1747089490353-662028784.jpg
[2025-05-13T01:12:46.326Z] GET - /livros/1747089567912
[2025-05-13T01:12:46.329Z] GET - /livros/1747089567912
[2025-05-13T01:12:57.164Z] GET - /livros
[2025-05-13T01:12:57.171Z] GET - /livros
[2025-05-13T01:12:57.234Z] GET - /uploads//uploads/1747088862296-851387990.jpg
[2025-05-13T01:12:57.235Z] GET - /uploads//uploads/1747089490353-662028784.jpg
[2025-05-13T01:13:17.305Z] POST - /livros
[2025-05-13T01:13:17.381Z] GET - /livros
[2025-05-13T01:13:17.387Z] GET - /livros
[2025-05-13T01:13:17.434Z] GET - /uploads//uploads/1747088862296-851387990.jpg
[2025-05-13T01:13:17.435Z] GET - /uploads//uploads/1747089490353-662028784.jpg
[2025-05-13T01:13:45.673Z] GET - /livros/1747098797329
[2025-05-13T01:13:45.675Z] GET - /livros/1747098797329
[2025-05-13T01:16:39.763Z] POST - /auth/login
[2025-05-13T01:16:40.015Z] GET - /livros
[2025-05-13T01:16:40.025Z] GET - /livros
[2025-05-13T01:16:40.122Z] GET - /uploads//uploads/1747088862296-851387990.jpg
[2025-05-13T01:16:40.128Z] GET - /uploads//uploads/1747089490353-662028784.jpg
[2025-05-13T01:16:42.172Z] GET - /livros/1747098797329
[2025-05-13T01:16:42.181Z] GET - /livros/1747098797329
[2025-05-13T01:17:49.586Z] GET - /livros/1747098797329
[2025-05-13T01:18:45.943Z] GET - /livros
[2025-05-13T01:18:45.955Z] GET - /livros
[2025-05-13T01:18:46.042Z] GET - /uploads//uploads/1747088862296-851387990.jpg
[2025-05-13T01:18:46.043Z] GET - /uploads//uploads/1747089490353-662028784.jpg
[2025-05-13T01:18:48.161Z] GET - /livros/1747098797329
[2025-05-13T01:18:48.171Z] GET - /livros/1747098797329
[2025-05-13T01:19:35.578Z] GET - /livros/1747098797329
[2025-05-13T01:19:38.329Z] GET - /livros
[2025-05-13T01:19:38.346Z] GET - /livros
[2025-05-13T01:19:38.416Z] GET - /uploads//uploads/1747088862296-851387990.jpg
[2025-05-13T01:19:38.417Z] GET - /uploads//uploads/1747089490353-662028784.jpg
[2025-05-13T01:19:43.556Z] GET - /livros/1747098797329
[2025-05-13T01:19:43.566Z] GET - /livros/1747098797329
[2025-05-13T01:19:48.617Z] GET - /livros/1747098797329
[2025-05-13T01:19:48.620Z] GET - /livros/1747098797329
[2025-05-13T01:19:50.620Z] GET - /livros
[2025-05-13T01:19:50.628Z] GET - /livros
[2025-05-13T01:19:50.710Z] GET - /uploads//uploads/1747089490353-662028784.jpg
[2025-05-13T01:19:50.711Z] GET - /uploads//uploads/1747088862296-851387990.jpg
[2025-05-13T01:19:58.391Z] POST - /auth/login
[2025-05-13T01:19:58.644Z] GET - /livros
[2025-05-13T01:19:58.653Z] GET - /livros
[2025-05-13T01:19:58.743Z] GET - /uploads//uploads/1747088862296-851387990.jpg
[2025-05-13T01:19:58.744Z] GET - /uploads//uploads/1747089490353-662028784.jpg
[2025-05-13T01:20:00.723Z] GET - /livros/1747098797329
[2025-05-13T01:20:00.731Z] GET - /livros/1747098797329
[2025-05-13T01:21:14.394Z] GET - /livros
[2025-05-13T01:21:14.401Z] GET - /livros
[2025-05-13T01:21:18.301Z] GET - /livros
[2025-05-13T01:21:18.309Z] GET - /livros
[2025-05-13T01:21:18.390Z] GET - /uploads//uploads/1747088862296-851387990.jpg
[2025-05-13T01:21:18.391Z] GET - /uploads//uploads/1747089490353-662028784.jpg
[2025-05-13T01:21:20.701Z] GET - /livros
[2025-05-13T01:21:20.711Z] GET - /livros
[2025-05-13T01:25:54.580Z] GET - /livros/1747098797329
[2025-05-13T01:25:54.593Z] GET - /livros/1747098797329
[2025-05-13T01:28:23.723Z] GET - /livros
[2025-05-13T01:28:23.732Z] GET - /livros
[2025-05-13T01:28:23.811Z] GET - /uploads//uploads/1747088862296-851387990.jpg
[2025-05-13T01:28:23.811Z] GET - /uploads//uploads/1747089490353-662028784.jpg
[2025-05-13T01:28:43.517Z] GET - /livros
[2025-05-13T01:28:43.525Z] GET - /livros
[2025-05-13T01:28:43.656Z] GET - /uploads//uploads/1747088862296-851387990.jpg
[2025-05-13T01:28:43.656Z] GET - /uploads//uploads/1747089490353-662028784.jpg
[2025-05-13T01:31:29.735Z] GET - /livros/1747098797329
[2025-05-13T01:31:29.858Z] GET - /favicon.ico
[2025-05-13T01:33:51.624Z] GET - /livros/1747084149496
[2025-05-13T01:33:51.640Z] GET - /livros/1747084149496
[2025-05-13T01:36:47.845Z] GET - /livros/1747084149496
[2025-05-13T01:36:47.851Z] GET - /livros/1747084149496
[2025-05-13T01:37:04.299Z] GET - /livros
[2025-05-13T01:37:04.308Z] GET - /livros
[2025-05-13T01:37:04.389Z] GET - /uploads//uploads/1747088862296-851387990.jpg
[2025-05-13T01:37:04.390Z] GET - /uploads//uploads/1747089490353-662028784.jpg
[2025-05-13T01:37:10.248Z] GET - /uploads//uploads/1747088862296-851387990.jpg
[2025-05-13T01:37:10.267Z] GET - /uploads//uploads/1747089490353-662028784.jpg
[2025-05-13T01:37:13.650Z] GET - /uploads//uploads/1747088862296-851387990.jpg
[2025-05-13T01:37:13.652Z] GET - /uploads//uploads/1747089490353-662028784.jpg
[2025-05-13T01:37:50.030Z] POST - /auth/login
[2025-05-13T01:38:04.466Z] GET - /livros/1747098797329
[2025-05-13T01:41:02.212Z] GET - /livros/1746588070908
[2025-05-13T01:41:14.379Z] POST - /auth/login
[2025-05-13T01:41:22.310Z] GET - /livros/1746588070908
[2025-05-13T01:41:29.305Z] GET - /livros
[2025-05-13T01:41:29.315Z] GET - /livros
[2025-05-13T01:41:29.410Z] GET - /uploads//uploads/1747088862296-851387990.jpg
[2025-05-13T01:41:29.414Z] GET - /uploads//uploads/1747089490353-662028784.jpg
[2025-05-13T01:41:33.590Z] POST - /auth/login
[2025-05-13T01:41:33.837Z] GET - /livros
[2025-05-13T01:41:33.843Z] GET - /livros
[2025-05-13T01:41:33.930Z] GET - /uploads//uploads/1747088862296-851387990.jpg
[2025-05-13T01:41:33.931Z] GET - /uploads//uploads/1747089490353-662028784.jpg
[2025-05-13T01:41:35.895Z] GET - /livros/1747098797329
[2025-05-13T01:41:35.904Z] GET - /livros/1747098797329
[2025-05-13T01:41:43.708Z] PATCH - /livros/1747098797329
[2025-05-13T01:41:43.779Z] GET - /livros
[2025-05-13T01:41:43.788Z] GET - /livros
[2025-05-13T01:41:43.869Z] GET - /uploads//uploads/1747088862296-851387990.jpg
[2025-05-13T01:41:43.870Z] GET - /uploads//uploads/1747089490353-662028784.jpg
[2025-05-13T01:41:52.383Z] GET - /livros/1747098797329
[2025-05-13T01:41:52.390Z] GET - /livros/1747098797329
